#! /opt/local/bin/vvp
:ivl_version "10.1 (stable)" "(v10_1_1)";
:ivl_delay_selection "TYPICAL";
:vpi_time_precision + 0;
:vpi_module "system";
:vpi_module "vhdl_sys";
:vpi_module "v2005_math";
:vpi_module "va_math";
S_0x7fc62ad04d70 .scope module, "LabL" "LabL" 2 1;
 .timescale 0 0;
v0x7fc62ae08050_0 .var/s "a", 31 0;
v0x7fc62ae08120_0 .var/s "b", 31 0;
v0x7fc62ae081b0_0 .var "cin", 0 0;
o0x101f12f28 .functor BUFZ 1, C4<z>; HiZ drive
v0x7fc62ae08260_0 .net "cout", 0 0, o0x101f12f28;  0 drivers
v0x7fc62ae08310_0 .var/s "expect", 31 0;
v0x7fc62ae083e0_0 .net/s "z", 31 0, L_0x7fc62ae15fe0;  1 drivers
S_0x7fc62ad02550 .scope module, "add" "yAdder" 2 9, 3 1 0, S_0x7fc62ad04d70;
 .timescale 0 0;
    .port_info 0 /OUTPUT 32 "z"
    .port_info 1 /OUTPUT 1 "cout"
    .port_info 2 /INPUT 32 "a"
    .port_info 3 /INPUT 32 "b"
    .port_info 4 /INPUT 1 "cin"
L_0x7fc62ae18070 .functor BUFZ 1, v0x7fc62ae081b0_0, C4<0>, C4<0>, C4<0>;
v0x7fc62ae078a0_0 .net *"_s101", 0 0, L_0x7fc62ae18070;  1 drivers
v0x7fc62ae07940_0 .net *"_s105", 0 0, L_0x7fc62ae1b230;  1 drivers
o0x101f12e68 .functor BUFZ 30, C4<zzzzzzzzzzzzzzzzzzzzzzzzzzzzzz>; HiZ drive
; Elide local net with no drivers, v0x7fc62ae079e0_0 name=_s108
v0x7fc62ae07a80_0 .net "a", 31 0, v0x7fc62ae08050_0;  1 drivers
v0x7fc62ae07b30_0 .net "b", 31 0, v0x7fc62ae08120_0;  1 drivers
v0x7fc62ae07c20_0 .net "cin", 0 0, v0x7fc62ae081b0_0;  1 drivers
v0x7fc62ae07cc0_0 .net "cout", 0 0, o0x101f12f28;  alias, 0 drivers
v0x7fc62ae07d60_0 .net "in", 31 0, L_0x7fc62ae1d7e0;  1 drivers
v0x7fc62ae07e10_0 .net "out", 31 0, L_0x7fc62ae169d0;  1 drivers
v0x7fc62ae07f20_0 .net "z", 31 0, L_0x7fc62ae15fe0;  alias, 1 drivers
LS_0x7fc62ae15fe0_0_0 .concat [ 1 1 1 1], L_0x7fc62ae0c8a0, L_0x7fc62ae0cd60, L_0x7fc62ae0d220, L_0x7fc62ae0d6e0;
LS_0x7fc62ae15fe0_0_4 .concat [ 1 1 1 1], L_0x7fc62ae0dba0, L_0x7fc62ae0e060, L_0x7fc62ae0e520, L_0x7fc62ae0e9e0;
LS_0x7fc62ae15fe0_0_8 .concat [ 1 1 1 1], L_0x7fc62ae0eea0, L_0x7fc62ae0f360, L_0x7fc62ae0f820, L_0x7fc62ae0fce0;
LS_0x7fc62ae15fe0_0_12 .concat [ 1 1 1 1], L_0x7fc62ae101a0, L_0x7fc62ae10660, L_0x7fc62ae10b20, L_0x7fc62ae10fe0;
LS_0x7fc62ae15fe0_0_16 .concat [ 1 1 1 1], L_0x7fc62ae114a0, L_0x7fc62ae11950, L_0x7fc62ae11df0, L_0x7fc62ae122b0;
LS_0x7fc62ae15fe0_0_20 .concat [ 1 1 1 1], L_0x7fc62ae12770, L_0x7fc62ae12c30, L_0x7fc62ae130f0, L_0x7fc62ae135b0;
LS_0x7fc62ae15fe0_0_24 .concat [ 1 1 1 1], L_0x7fc62ae13a70, L_0x7fc62ae13f30, L_0x7fc62ae143f0, L_0x7fc62ae148b0;
LS_0x7fc62ae15fe0_0_28 .concat [ 1 1 1 1], L_0x7fc62ae14d70, L_0x7fc62ae15230, L_0x7fc62ae156f0, L_0x7fc62ae15bb0;
LS_0x7fc62ae15fe0_1_0 .concat [ 4 4 4 4], LS_0x7fc62ae15fe0_0_0, LS_0x7fc62ae15fe0_0_4, LS_0x7fc62ae15fe0_0_8, LS_0x7fc62ae15fe0_0_12;
LS_0x7fc62ae15fe0_1_4 .concat [ 4 4 4 4], LS_0x7fc62ae15fe0_0_16, LS_0x7fc62ae15fe0_0_20, LS_0x7fc62ae15fe0_0_24, LS_0x7fc62ae15fe0_0_28;
L_0x7fc62ae15fe0 .concat [ 16 16 0 0], LS_0x7fc62ae15fe0_1_0, LS_0x7fc62ae15fe0_1_4;
LS_0x7fc62ae169d0_0_0 .concat [ 1 1 1 1], L_0x7fc62ae0cb90, L_0x7fc62ae0d050, L_0x7fc62ae0d510, L_0x7fc62ae0d9d0;
LS_0x7fc62ae169d0_0_4 .concat [ 1 1 1 1], L_0x7fc62ae0de90, L_0x7fc62ae0e350, L_0x7fc62ae0e810, L_0x7fc62ae0ecd0;
LS_0x7fc62ae169d0_0_8 .concat [ 1 1 1 1], L_0x7fc62ae0f190, L_0x7fc62ae0f650, L_0x7fc62ae0fb10, L_0x7fc62ae0ffd0;
LS_0x7fc62ae169d0_0_12 .concat [ 1 1 1 1], L_0x7fc62ae10490, L_0x7fc62ae10950, L_0x7fc62ae10e10, L_0x7fc62ae112d0;
LS_0x7fc62ae169d0_0_16 .concat [ 1 1 1 1], L_0x7fc62ae11790, L_0x7fc62ae11c20, L_0x7fc62ae120e0, L_0x7fc62ae125a0;
LS_0x7fc62ae169d0_0_20 .concat [ 1 1 1 1], L_0x7fc62ae12a60, L_0x7fc62ae12f20, L_0x7fc62ae133e0, L_0x7fc62ae138a0;
LS_0x7fc62ae169d0_0_24 .concat [ 1 1 1 1], L_0x7fc62ae13d60, L_0x7fc62ae14220, L_0x7fc62ae146e0, L_0x7fc62ae14ba0;
LS_0x7fc62ae169d0_0_28 .concat [ 1 1 1 1], L_0x7fc62ae15060, L_0x7fc62ae15520, L_0x7fc62ae159e0, L_0x7fc62ae15ea0;
LS_0x7fc62ae169d0_1_0 .concat [ 4 4 4 4], LS_0x7fc62ae169d0_0_0, LS_0x7fc62ae169d0_0_4, LS_0x7fc62ae169d0_0_8, LS_0x7fc62ae169d0_0_12;
LS_0x7fc62ae169d0_1_4 .concat [ 4 4 4 4], LS_0x7fc62ae169d0_0_16, LS_0x7fc62ae169d0_0_20, LS_0x7fc62ae169d0_0_24, LS_0x7fc62ae169d0_0_28;
L_0x7fc62ae169d0 .concat [ 16 16 0 0], LS_0x7fc62ae169d0_1_0, LS_0x7fc62ae169d0_1_4;
L_0x7fc62ae17380 .part v0x7fc62ae08050_0, 0, 1;
L_0x7fc62ae17460 .part v0x7fc62ae08050_0, 1, 1;
L_0x7fc62ae17500 .part v0x7fc62ae08050_0, 2, 1;
L_0x7fc62ae17650 .part v0x7fc62ae08050_0, 3, 1;
L_0x7fc62ae176f0 .part v0x7fc62ae08050_0, 4, 1;
L_0x7fc62ae17790 .part v0x7fc62ae08050_0, 5, 1;
L_0x7fc62ae17830 .part v0x7fc62ae08050_0, 6, 1;
L_0x7fc62ae175a0 .part v0x7fc62ae08050_0, 7, 1;
L_0x7fc62ae17a20 .part v0x7fc62ae08050_0, 8, 1;
L_0x7fc62ae17b20 .part v0x7fc62ae08050_0, 9, 1;
L_0x7fc62ae17bc0 .part v0x7fc62ae08050_0, 10, 1;
L_0x7fc62ae17cd0 .part v0x7fc62ae08050_0, 11, 1;
L_0x7fc62ae17d70 .part v0x7fc62ae08050_0, 12, 1;
L_0x7fc62ae17e90 .part v0x7fc62ae08050_0, 13, 1;
L_0x7fc62ae17f30 .part v0x7fc62ae08050_0, 14, 1;
L_0x7fc62ae17960 .part v0x7fc62ae08050_0, 15, 1;
L_0x7fc62ae181d0 .part v0x7fc62ae08050_0, 16, 1;
L_0x7fc62ae18310 .part v0x7fc62ae08050_0, 17, 1;
L_0x7fc62ae183b0 .part v0x7fc62ae08050_0, 18, 1;
L_0x7fc62ae18270 .part v0x7fc62ae08050_0, 19, 1;
L_0x7fc62ae18500 .part v0x7fc62ae08050_0, 20, 1;
L_0x7fc62ae18660 .part v0x7fc62ae08050_0, 21, 1;
L_0x7fc62ae18700 .part v0x7fc62ae08050_0, 22, 1;
L_0x7fc62ae18450 .part v0x7fc62ae08050_0, 23, 1;
L_0x7fc62ae18870 .part v0x7fc62ae08050_0, 24, 1;
L_0x7fc62ae185a0 .part v0x7fc62ae08050_0, 25, 1;
L_0x7fc62ae189f0 .part v0x7fc62ae08050_0, 26, 1;
L_0x7fc62ae187a0 .part v0x7fc62ae08050_0, 27, 1;
L_0x7fc62ae18b80 .part v0x7fc62ae08050_0, 28, 1;
L_0x7fc62ae18910 .part v0x7fc62ae08050_0, 29, 1;
L_0x7fc62ae18d20 .part v0x7fc62ae08050_0, 30, 1;
L_0x7fc62ae180e0 .part v0x7fc62ae08050_0, 31, 1;
L_0x7fc62ae18c20 .part v0x7fc62ae08120_0, 0, 1;
L_0x7fc62ae18a90 .part v0x7fc62ae08120_0, 1, 1;
L_0x7fc62ae17fd0 .part v0x7fc62ae08120_0, 2, 1;
L_0x7fc62ae18ef0 .part v0x7fc62ae08120_0, 3, 1;
L_0x7fc62ae18f90 .part v0x7fc62ae08120_0, 4, 1;
L_0x7fc62ae18dc0 .part v0x7fc62ae08120_0, 5, 1;
L_0x7fc62ae19170 .part v0x7fc62ae08120_0, 6, 1;
L_0x7fc62ae19030 .part v0x7fc62ae08120_0, 7, 1;
L_0x7fc62ae190d0 .part v0x7fc62ae08120_0, 8, 1;
L_0x7fc62ae19470 .part v0x7fc62ae08120_0, 9, 1;
L_0x7fc62ae19510 .part v0x7fc62ae08120_0, 10, 1;
L_0x7fc62ae19310 .part v0x7fc62ae08120_0, 11, 1;
L_0x7fc62ae193b0 .part v0x7fc62ae08120_0, 12, 1;
L_0x7fc62ae19730 .part v0x7fc62ae08120_0, 13, 1;
L_0x7fc62ae197d0 .part v0x7fc62ae08120_0, 14, 1;
L_0x7fc62ae19210 .part v0x7fc62ae08120_0, 15, 1;
L_0x7fc62ae195b0 .part v0x7fc62ae08120_0, 16, 1;
L_0x7fc62ae19650 .part v0x7fc62ae08120_0, 17, 1;
L_0x7fc62ae19c10 .part v0x7fc62ae08120_0, 18, 1;
L_0x7fc62ae19a70 .part v0x7fc62ae08120_0, 19, 1;
L_0x7fc62ae19b10 .part v0x7fc62ae08120_0, 20, 1;
L_0x7fc62ae19e70 .part v0x7fc62ae08120_0, 21, 1;
L_0x7fc62ae19f10 .part v0x7fc62ae08120_0, 22, 1;
L_0x7fc62ae19cb0 .part v0x7fc62ae08120_0, 23, 1;
L_0x7fc62ae19d50 .part v0x7fc62ae08120_0, 24, 1;
L_0x7fc62ae1a190 .part v0x7fc62ae08120_0, 25, 1;
L_0x7fc62ae1a230 .part v0x7fc62ae08120_0, 26, 1;
L_0x7fc62ae19fb0 .part v0x7fc62ae08120_0, 27, 1;
L_0x7fc62ae1a050 .part v0x7fc62ae08120_0, 28, 1;
L_0x7fc62ae1a0f0 .part v0x7fc62ae08120_0, 29, 1;
L_0x7fc62ae1a4d0 .part v0x7fc62ae08120_0, 30, 1;
L_0x7fc62ae1a2d0 .part v0x7fc62ae08120_0, 31, 1;
L_0x7fc62ae1a370 .part L_0x7fc62ae1d7e0, 0, 1;
L_0x7fc62ae1a410 .part L_0x7fc62ae1d7e0, 1, 1;
L_0x7fc62ae19870 .part L_0x7fc62ae1d7e0, 2, 1;
L_0x7fc62ae19910 .part L_0x7fc62ae1d7e0, 3, 1;
L_0x7fc62ae199b0 .part L_0x7fc62ae1d7e0, 4, 1;
L_0x7fc62ae1a7b0 .part L_0x7fc62ae1d7e0, 5, 1;
L_0x7fc62ae1a850 .part L_0x7fc62ae1d7e0, 6, 1;
L_0x7fc62ae1a570 .part L_0x7fc62ae1d7e0, 7, 1;
L_0x7fc62ae1a710 .part L_0x7fc62ae1d7e0, 8, 1;
L_0x7fc62ae1ab50 .part L_0x7fc62ae1d7e0, 9, 1;
L_0x7fc62ae1abf0 .part L_0x7fc62ae1d7e0, 10, 1;
L_0x7fc62ae1a8f0 .part L_0x7fc62ae1d7e0, 11, 1;
L_0x7fc62ae1a990 .part L_0x7fc62ae1d7e0, 12, 1;
L_0x7fc62ae1aa30 .part L_0x7fc62ae1d7e0, 13, 1;
L_0x7fc62ae1af10 .part L_0x7fc62ae1d7e0, 14, 1;
L_0x7fc62ae1ac90 .part L_0x7fc62ae1d7e0, 15, 1;
L_0x7fc62ae1a610 .part L_0x7fc62ae1d7e0, 16, 1;
L_0x7fc62ae1ad30 .part L_0x7fc62ae1d7e0, 17, 1;
L_0x7fc62ae1add0 .part L_0x7fc62ae1d7e0, 18, 1;
L_0x7fc62ae1ae70 .part L_0x7fc62ae1d7e0, 19, 1;
L_0x7fc62ae1afb0 .part L_0x7fc62ae1d7e0, 20, 1;
L_0x7fc62ae1b050 .part L_0x7fc62ae1d7e0, 21, 1;
L_0x7fc62ae1b0f0 .part L_0x7fc62ae1d7e0, 22, 1;
L_0x7fc62ae1b190 .part L_0x7fc62ae1d7e0, 23, 1;
L_0x7fc62ae1b710 .part L_0x7fc62ae1d7e0, 24, 1;
L_0x7fc62ae1b440 .part L_0x7fc62ae1d7e0, 25, 1;
L_0x7fc62ae1b4e0 .part L_0x7fc62ae1d7e0, 26, 1;
L_0x7fc62ae1b580 .part L_0x7fc62ae1d7e0, 27, 1;
L_0x7fc62ae1b620 .part L_0x7fc62ae1d7e0, 28, 1;
L_0x7fc62ae1bab0 .part L_0x7fc62ae1d7e0, 29, 1;
L_0x7fc62ae1bb50 .part L_0x7fc62ae1d7e0, 30, 1;
L_0x7fc62ae1b7b0 .part L_0x7fc62ae1d7e0, 31, 1;
L_0x7fc62ae1b230 .part L_0x7fc62ae169d0, 0, 1;
L_0x7fc62ae1d7e0 .concat [ 1 1 30 0], L_0x7fc62ae18070, L_0x7fc62ae1b230, o0x101f12e68;
S_0x7fc62ad06ed0 .scope module, "mine[0]" "yAdder1" 3 8, 4 1 0, S_0x7fc62ad02550;
 .timescale 0 0;
    .port_info 0 /OUTPUT 1 "z"
    .port_info 1 /OUTPUT 1 "cout"
    .port_info 2 /INPUT 1 "a"
    .port_info 3 /INPUT 1 "b"
    .port_info 4 /INPUT 1 "cin"
L_0x7fc62ae0c7c0 .functor XOR 1, L_0x7fc62ae17380, L_0x7fc62ae18c20, C4<0>, C4<0>;
L_0x7fc62ae0c8a0 .functor XOR 1, L_0x7fc62ae1a370, L_0x7fc62ae0c7c0, C4<0>, C4<0>;
L_0x7fc62ae0c9b0 .functor AND 1, L_0x7fc62ae17380, L_0x7fc62ae18c20, C4<1>, C4<1>;
L_0x7fc62ae0cac0 .functor AND 1, L_0x7fc62ae0c7c0, L_0x7fc62ae1a370, C4<1>, C4<1>;
L_0x7fc62ae0cb90 .functor OR 1, L_0x7fc62ae0cac0, L_0x7fc62ae0c9b0, C4<0>, C4<0>;
v0x7fc62ad07030_0 .net "a", 0 0, L_0x7fc62ae17380;  1 drivers
v0x7fc62ad5b9c0_0 .net "b", 0 0, L_0x7fc62ae18c20;  1 drivers
v0x7fc62ad5ba60_0 .net "cin", 0 0, L_0x7fc62ae1a370;  1 drivers
v0x7fc62ad5baf0_0 .net "cout", 0 0, L_0x7fc62ae0cb90;  1 drivers
v0x7fc62ad5bb90_0 .net "outL", 0 0, L_0x7fc62ae0c9b0;  1 drivers
v0x7fc62ad5bc70_0 .net "outR", 0 0, L_0x7fc62ae0cac0;  1 drivers
v0x7fc62ad5bd10_0 .net "tmp", 0 0, L_0x7fc62ae0c7c0;  1 drivers
v0x7fc62ad5bdb0_0 .net "z", 0 0, L_0x7fc62ae0c8a0;  1 drivers
S_0x7fc62ad5bed0 .scope module, "mine[1]" "yAdder1" 3 8, 4 1 0, S_0x7fc62ad02550;
 .timescale 0 0;
    .port_info 0 /OUTPUT 1 "z"
    .port_info 1 /OUTPUT 1 "cout"
    .port_info 2 /INPUT 1 "a"
    .port_info 3 /INPUT 1 "b"
    .port_info 4 /INPUT 1 "cin"
L_0x7fc62ae0cca0 .functor XOR 1, L_0x7fc62ae17460, L_0x7fc62ae18a90, C4<0>, C4<0>;
L_0x7fc62ae0cd60 .functor XOR 1, L_0x7fc62ae1a410, L_0x7fc62ae0cca0, C4<0>, C4<0>;
L_0x7fc62ae0ce70 .functor AND 1, L_0x7fc62ae17460, L_0x7fc62ae18a90, C4<1>, C4<1>;
L_0x7fc62ae0cf80 .functor AND 1, L_0x7fc62ae0cca0, L_0x7fc62ae1a410, C4<1>, C4<1>;
L_0x7fc62ae0d050 .functor OR 1, L_0x7fc62ae0cf80, L_0x7fc62ae0ce70, C4<0>, C4<0>;
v0x7fc62ad5c100_0 .net "a", 0 0, L_0x7fc62ae17460;  1 drivers
v0x7fc62ad5c1a0_0 .net "b", 0 0, L_0x7fc62ae18a90;  1 drivers
v0x7fc62ad5c240_0 .net "cin", 0 0, L_0x7fc62ae1a410;  1 drivers
v0x7fc62ad5c2f0_0 .net "cout", 0 0, L_0x7fc62ae0d050;  1 drivers
v0x7fc62ad5c390_0 .net "outL", 0 0, L_0x7fc62ae0ce70;  1 drivers
v0x7fc62ad5c470_0 .net "outR", 0 0, L_0x7fc62ae0cf80;  1 drivers
v0x7fc62ad5c510_0 .net "tmp", 0 0, L_0x7fc62ae0cca0;  1 drivers
v0x7fc62ad5c5b0_0 .net "z", 0 0, L_0x7fc62ae0cd60;  1 drivers
S_0x7fc62ad5c6d0 .scope module, "mine[2]" "yAdder1" 3 8, 4 1 0, S_0x7fc62ad02550;
 .timescale 0 0;
    .port_info 0 /OUTPUT 1 "z"
    .port_info 1 /OUTPUT 1 "cout"
    .port_info 2 /INPUT 1 "a"
    .port_info 3 /INPUT 1 "b"
    .port_info 4 /INPUT 1 "cin"
L_0x7fc62ae0d160 .functor XOR 1, L_0x7fc62ae17500, L_0x7fc62ae17fd0, C4<0>, C4<0>;
L_0x7fc62ae0d220 .functor XOR 1, L_0x7fc62ae19870, L_0x7fc62ae0d160, C4<0>, C4<0>;
L_0x7fc62ae0d330 .functor AND 1, L_0x7fc62ae17500, L_0x7fc62ae17fd0, C4<1>, C4<1>;
L_0x7fc62ae0d440 .functor AND 1, L_0x7fc62ae0d160, L_0x7fc62ae19870, C4<1>, C4<1>;
L_0x7fc62ae0d510 .functor OR 1, L_0x7fc62ae0d440, L_0x7fc62ae0d330, C4<0>, C4<0>;
v0x7fc62ad5c920_0 .net "a", 0 0, L_0x7fc62ae17500;  1 drivers
v0x7fc62ad5c9b0_0 .net "b", 0 0, L_0x7fc62ae17fd0;  1 drivers
v0x7fc62ad5ca50_0 .net "cin", 0 0, L_0x7fc62ae19870;  1 drivers
v0x7fc62ad5cb00_0 .net "cout", 0 0, L_0x7fc62ae0d510;  1 drivers
v0x7fc62ad5cba0_0 .net "outL", 0 0, L_0x7fc62ae0d330;  1 drivers
v0x7fc62ad5cc80_0 .net "outR", 0 0, L_0x7fc62ae0d440;  1 drivers
v0x7fc62ad5cd20_0 .net "tmp", 0 0, L_0x7fc62ae0d160;  1 drivers
v0x7fc62ad5cdc0_0 .net "z", 0 0, L_0x7fc62ae0d220;  1 drivers
S_0x7fc62ad5cee0 .scope module, "mine[3]" "yAdder1" 3 8, 4 1 0, S_0x7fc62ad02550;
 .timescale 0 0;
    .port_info 0 /OUTPUT 1 "z"
    .port_info 1 /OUTPUT 1 "cout"
    .port_info 2 /INPUT 1 "a"
    .port_info 3 /INPUT 1 "b"
    .port_info 4 /INPUT 1 "cin"
L_0x7fc62ae0d620 .functor XOR 1, L_0x7fc62ae17650, L_0x7fc62ae18ef0, C4<0>, C4<0>;
L_0x7fc62ae0d6e0 .functor XOR 1, L_0x7fc62ae19910, L_0x7fc62ae0d620, C4<0>, C4<0>;
L_0x7fc62ae0d7f0 .functor AND 1, L_0x7fc62ae17650, L_0x7fc62ae18ef0, C4<1>, C4<1>;
L_0x7fc62ae0d900 .functor AND 1, L_0x7fc62ae0d620, L_0x7fc62ae19910, C4<1>, C4<1>;
L_0x7fc62ae0d9d0 .functor OR 1, L_0x7fc62ae0d900, L_0x7fc62ae0d7f0, C4<0>, C4<0>;
v0x7fc62ad5d110_0 .net "a", 0 0, L_0x7fc62ae17650;  1 drivers
v0x7fc62ad5d1b0_0 .net "b", 0 0, L_0x7fc62ae18ef0;  1 drivers
v0x7fc62ad5d250_0 .net "cin", 0 0, L_0x7fc62ae19910;  1 drivers
v0x7fc62ad5d300_0 .net "cout", 0 0, L_0x7fc62ae0d9d0;  1 drivers
v0x7fc62ad5d3a0_0 .net "outL", 0 0, L_0x7fc62ae0d7f0;  1 drivers
v0x7fc62ad5d480_0 .net "outR", 0 0, L_0x7fc62ae0d900;  1 drivers
v0x7fc62ad5d520_0 .net "tmp", 0 0, L_0x7fc62ae0d620;  1 drivers
v0x7fc62ad5d5c0_0 .net "z", 0 0, L_0x7fc62ae0d6e0;  1 drivers
S_0x7fc62ad5d6e0 .scope module, "mine[4]" "yAdder1" 3 8, 4 1 0, S_0x7fc62ad02550;
 .timescale 0 0;
    .port_info 0 /OUTPUT 1 "z"
    .port_info 1 /OUTPUT 1 "cout"
    .port_info 2 /INPUT 1 "a"
    .port_info 3 /INPUT 1 "b"
    .port_info 4 /INPUT 1 "cin"
L_0x7fc62ae0dae0 .functor XOR 1, L_0x7fc62ae176f0, L_0x7fc62ae18f90, C4<0>, C4<0>;
L_0x7fc62ae0dba0 .functor XOR 1, L_0x7fc62ae199b0, L_0x7fc62ae0dae0, C4<0>, C4<0>;
L_0x7fc62ae0dcb0 .functor AND 1, L_0x7fc62ae176f0, L_0x7fc62ae18f90, C4<1>, C4<1>;
L_0x7fc62ae0ddc0 .functor AND 1, L_0x7fc62ae0dae0, L_0x7fc62ae199b0, C4<1>, C4<1>;
L_0x7fc62ae0de90 .functor OR 1, L_0x7fc62ae0ddc0, L_0x7fc62ae0dcb0, C4<0>, C4<0>;
v0x7fc62ad5d950_0 .net "a", 0 0, L_0x7fc62ae176f0;  1 drivers
v0x7fc62ad5d9f0_0 .net "b", 0 0, L_0x7fc62ae18f90;  1 drivers
v0x7fc62ad5da90_0 .net "cin", 0 0, L_0x7fc62ae199b0;  1 drivers
v0x7fc62ad5db20_0 .net "cout", 0 0, L_0x7fc62ae0de90;  1 drivers
v0x7fc62ad5dbc0_0 .net "outL", 0 0, L_0x7fc62ae0dcb0;  1 drivers
v0x7fc62ad5dca0_0 .net "outR", 0 0, L_0x7fc62ae0ddc0;  1 drivers
v0x7fc62ad5dd40_0 .net "tmp", 0 0, L_0x7fc62ae0dae0;  1 drivers
v0x7fc62ad5dde0_0 .net "z", 0 0, L_0x7fc62ae0dba0;  1 drivers
S_0x7fc62ad5df00 .scope module, "mine[5]" "yAdder1" 3 8, 4 1 0, S_0x7fc62ad02550;
 .timescale 0 0;
    .port_info 0 /OUTPUT 1 "z"
    .port_info 1 /OUTPUT 1 "cout"
    .port_info 2 /INPUT 1 "a"
    .port_info 3 /INPUT 1 "b"
    .port_info 4 /INPUT 1 "cin"
L_0x7fc62ae0dfa0 .functor XOR 1, L_0x7fc62ae17790, L_0x7fc62ae18dc0, C4<0>, C4<0>;
L_0x7fc62ae0e060 .functor XOR 1, L_0x7fc62ae1a7b0, L_0x7fc62ae0dfa0, C4<0>, C4<0>;
L_0x7fc62ae0e170 .functor AND 1, L_0x7fc62ae17790, L_0x7fc62ae18dc0, C4<1>, C4<1>;
L_0x7fc62ae0e280 .functor AND 1, L_0x7fc62ae0dfa0, L_0x7fc62ae1a7b0, C4<1>, C4<1>;
L_0x7fc62ae0e350 .functor OR 1, L_0x7fc62ae0e280, L_0x7fc62ae0e170, C4<0>, C4<0>;
v0x7fc62ad5e130_0 .net "a", 0 0, L_0x7fc62ae17790;  1 drivers
v0x7fc62ad5e1d0_0 .net "b", 0 0, L_0x7fc62ae18dc0;  1 drivers
v0x7fc62ad5e270_0 .net "cin", 0 0, L_0x7fc62ae1a7b0;  1 drivers
v0x7fc62ad5e320_0 .net "cout", 0 0, L_0x7fc62ae0e350;  1 drivers
v0x7fc62ad5e3c0_0 .net "outL", 0 0, L_0x7fc62ae0e170;  1 drivers
v0x7fc62ad5e4a0_0 .net "outR", 0 0, L_0x7fc62ae0e280;  1 drivers
v0x7fc62ad5e540_0 .net "tmp", 0 0, L_0x7fc62ae0dfa0;  1 drivers
v0x7fc62ad5e5e0_0 .net "z", 0 0, L_0x7fc62ae0e060;  1 drivers
S_0x7fc62ad5e700 .scope module, "mine[6]" "yAdder1" 3 8, 4 1 0, S_0x7fc62ad02550;
 .timescale 0 0;
    .port_info 0 /OUTPUT 1 "z"
    .port_info 1 /OUTPUT 1 "cout"
    .port_info 2 /INPUT 1 "a"
    .port_info 3 /INPUT 1 "b"
    .port_info 4 /INPUT 1 "cin"
L_0x7fc62ae0e460 .functor XOR 1, L_0x7fc62ae17830, L_0x7fc62ae19170, C4<0>, C4<0>;
L_0x7fc62ae0e520 .functor XOR 1, L_0x7fc62ae1a850, L_0x7fc62ae0e460, C4<0>, C4<0>;
L_0x7fc62ae0e630 .functor AND 1, L_0x7fc62ae17830, L_0x7fc62ae19170, C4<1>, C4<1>;
L_0x7fc62ae0e740 .functor AND 1, L_0x7fc62ae0e460, L_0x7fc62ae1a850, C4<1>, C4<1>;
L_0x7fc62ae0e810 .functor OR 1, L_0x7fc62ae0e740, L_0x7fc62ae0e630, C4<0>, C4<0>;
v0x7fc62ad5e930_0 .net "a", 0 0, L_0x7fc62ae17830;  1 drivers
v0x7fc62ad5e9d0_0 .net "b", 0 0, L_0x7fc62ae19170;  1 drivers
v0x7fc62ad5ea70_0 .net "cin", 0 0, L_0x7fc62ae1a850;  1 drivers
v0x7fc62ad5eb20_0 .net "cout", 0 0, L_0x7fc62ae0e810;  1 drivers
v0x7fc62ad5ebc0_0 .net "outL", 0 0, L_0x7fc62ae0e630;  1 drivers
v0x7fc62ad5eca0_0 .net "outR", 0 0, L_0x7fc62ae0e740;  1 drivers
v0x7fc62ad5ed40_0 .net "tmp", 0 0, L_0x7fc62ae0e460;  1 drivers
v0x7fc62ad5ede0_0 .net "z", 0 0, L_0x7fc62ae0e520;  1 drivers
S_0x7fc62ad5ef00 .scope module, "mine[7]" "yAdder1" 3 8, 4 1 0, S_0x7fc62ad02550;
 .timescale 0 0;
    .port_info 0 /OUTPUT 1 "z"
    .port_info 1 /OUTPUT 1 "cout"
    .port_info 2 /INPUT 1 "a"
    .port_info 3 /INPUT 1 "b"
    .port_info 4 /INPUT 1 "cin"
L_0x7fc62ae0e920 .functor XOR 1, L_0x7fc62ae175a0, L_0x7fc62ae19030, C4<0>, C4<0>;
L_0x7fc62ae0e9e0 .functor XOR 1, L_0x7fc62ae1a570, L_0x7fc62ae0e920, C4<0>, C4<0>;
L_0x7fc62ae0eaf0 .functor AND 1, L_0x7fc62ae175a0, L_0x7fc62ae19030, C4<1>, C4<1>;
L_0x7fc62ae0ec00 .functor AND 1, L_0x7fc62ae0e920, L_0x7fc62ae1a570, C4<1>, C4<1>;
L_0x7fc62ae0ecd0 .functor OR 1, L_0x7fc62ae0ec00, L_0x7fc62ae0eaf0, C4<0>, C4<0>;
v0x7fc62ad5f130_0 .net "a", 0 0, L_0x7fc62ae175a0;  1 drivers
v0x7fc62ad5f1d0_0 .net "b", 0 0, L_0x7fc62ae19030;  1 drivers
v0x7fc62ad5f270_0 .net "cin", 0 0, L_0x7fc62ae1a570;  1 drivers
v0x7fc62ad5f320_0 .net "cout", 0 0, L_0x7fc62ae0ecd0;  1 drivers
v0x7fc62ad5f3c0_0 .net "outL", 0 0, L_0x7fc62ae0eaf0;  1 drivers
v0x7fc62ad5f4a0_0 .net "outR", 0 0, L_0x7fc62ae0ec00;  1 drivers
v0x7fc62ad5f540_0 .net "tmp", 0 0, L_0x7fc62ae0e920;  1 drivers
v0x7fc62ad5f5e0_0 .net "z", 0 0, L_0x7fc62ae0e9e0;  1 drivers
S_0x7fc62ad5f700 .scope module, "mine[8]" "yAdder1" 3 8, 4 1 0, S_0x7fc62ad02550;
 .timescale 0 0;
    .port_info 0 /OUTPUT 1 "z"
    .port_info 1 /OUTPUT 1 "cout"
    .port_info 2 /INPUT 1 "a"
    .port_info 3 /INPUT 1 "b"
    .port_info 4 /INPUT 1 "cin"
L_0x7fc62ae0ede0 .functor XOR 1, L_0x7fc62ae17a20, L_0x7fc62ae190d0, C4<0>, C4<0>;
L_0x7fc62ae0eea0 .functor XOR 1, L_0x7fc62ae1a710, L_0x7fc62ae0ede0, C4<0>, C4<0>;
L_0x7fc62ae0efb0 .functor AND 1, L_0x7fc62ae17a20, L_0x7fc62ae190d0, C4<1>, C4<1>;
L_0x7fc62ae0f0c0 .functor AND 1, L_0x7fc62ae0ede0, L_0x7fc62ae1a710, C4<1>, C4<1>;
L_0x7fc62ae0f190 .functor OR 1, L_0x7fc62ae0f0c0, L_0x7fc62ae0efb0, C4<0>, C4<0>;
v0x7fc62ad5f9b0_0 .net "a", 0 0, L_0x7fc62ae17a20;  1 drivers
v0x7fc62ad5fa50_0 .net "b", 0 0, L_0x7fc62ae190d0;  1 drivers
v0x7fc62ad5faf0_0 .net "cin", 0 0, L_0x7fc62ae1a710;  1 drivers
v0x7fc62ad5fb80_0 .net "cout", 0 0, L_0x7fc62ae0f190;  1 drivers
v0x7fc62ad5fc10_0 .net "outL", 0 0, L_0x7fc62ae0efb0;  1 drivers
v0x7fc62ad5fce0_0 .net "outR", 0 0, L_0x7fc62ae0f0c0;  1 drivers
v0x7fc62ad5fd80_0 .net "tmp", 0 0, L_0x7fc62ae0ede0;  1 drivers
v0x7fc62ad5fe20_0 .net "z", 0 0, L_0x7fc62ae0eea0;  1 drivers
S_0x7fc62ad5ff40 .scope module, "mine[9]" "yAdder1" 3 8, 4 1 0, S_0x7fc62ad02550;
 .timescale 0 0;
    .port_info 0 /OUTPUT 1 "z"
    .port_info 1 /OUTPUT 1 "cout"
    .port_info 2 /INPUT 1 "a"
    .port_info 3 /INPUT 1 "b"
    .port_info 4 /INPUT 1 "cin"
L_0x7fc62ae0f2a0 .functor XOR 1, L_0x7fc62ae17b20, L_0x7fc62ae19470, C4<0>, C4<0>;
L_0x7fc62ae0f360 .functor XOR 1, L_0x7fc62ae1ab50, L_0x7fc62ae0f2a0, C4<0>, C4<0>;
L_0x7fc62ae0f470 .functor AND 1, L_0x7fc62ae17b20, L_0x7fc62ae19470, C4<1>, C4<1>;
L_0x7fc62ae0f580 .functor AND 1, L_0x7fc62ae0f2a0, L_0x7fc62ae1ab50, C4<1>, C4<1>;
L_0x7fc62ae0f650 .functor OR 1, L_0x7fc62ae0f580, L_0x7fc62ae0f470, C4<0>, C4<0>;
v0x7fc62ad60170_0 .net "a", 0 0, L_0x7fc62ae17b20;  1 drivers
v0x7fc62ad60210_0 .net "b", 0 0, L_0x7fc62ae19470;  1 drivers
v0x7fc62ad602b0_0 .net "cin", 0 0, L_0x7fc62ae1ab50;  1 drivers
v0x7fc62ad60360_0 .net "cout", 0 0, L_0x7fc62ae0f650;  1 drivers
v0x7fc62ad60400_0 .net "outL", 0 0, L_0x7fc62ae0f470;  1 drivers
v0x7fc62ad604e0_0 .net "outR", 0 0, L_0x7fc62ae0f580;  1 drivers
v0x7fc62ad60580_0 .net "tmp", 0 0, L_0x7fc62ae0f2a0;  1 drivers
v0x7fc62ad60620_0 .net "z", 0 0, L_0x7fc62ae0f360;  1 drivers
S_0x7fc62ad60740 .scope module, "mine[10]" "yAdder1" 3 8, 4 1 0, S_0x7fc62ad02550;
 .timescale 0 0;
    .port_info 0 /OUTPUT 1 "z"
    .port_info 1 /OUTPUT 1 "cout"
    .port_info 2 /INPUT 1 "a"
    .port_info 3 /INPUT 1 "b"
    .port_info 4 /INPUT 1 "cin"
L_0x7fc62ae0f760 .functor XOR 1, L_0x7fc62ae17bc0, L_0x7fc62ae19510, C4<0>, C4<0>;
L_0x7fc62ae0f820 .functor XOR 1, L_0x7fc62ae1abf0, L_0x7fc62ae0f760, C4<0>, C4<0>;
L_0x7fc62ae0f930 .functor AND 1, L_0x7fc62ae17bc0, L_0x7fc62ae19510, C4<1>, C4<1>;
L_0x7fc62ae0fa40 .functor AND 1, L_0x7fc62ae0f760, L_0x7fc62ae1abf0, C4<1>, C4<1>;
L_0x7fc62ae0fb10 .functor OR 1, L_0x7fc62ae0fa40, L_0x7fc62ae0f930, C4<0>, C4<0>;
v0x7fc62ad60970_0 .net "a", 0 0, L_0x7fc62ae17bc0;  1 drivers
v0x7fc62ad60a10_0 .net "b", 0 0, L_0x7fc62ae19510;  1 drivers
v0x7fc62ad60ab0_0 .net "cin", 0 0, L_0x7fc62ae1abf0;  1 drivers
v0x7fc62ad60b60_0 .net "cout", 0 0, L_0x7fc62ae0fb10;  1 drivers
v0x7fc62ad60c00_0 .net "outL", 0 0, L_0x7fc62ae0f930;  1 drivers
v0x7fc62ad60ce0_0 .net "outR", 0 0, L_0x7fc62ae0fa40;  1 drivers
v0x7fc62ad60d80_0 .net "tmp", 0 0, L_0x7fc62ae0f760;  1 drivers
v0x7fc62ad60e20_0 .net "z", 0 0, L_0x7fc62ae0f820;  1 drivers
S_0x7fc62ad60f40 .scope module, "mine[11]" "yAdder1" 3 8, 4 1 0, S_0x7fc62ad02550;
 .timescale 0 0;
    .port_info 0 /OUTPUT 1 "z"
    .port_info 1 /OUTPUT 1 "cout"
    .port_info 2 /INPUT 1 "a"
    .port_info 3 /INPUT 1 "b"
    .port_info 4 /INPUT 1 "cin"
L_0x7fc62ae0fc20 .functor XOR 1, L_0x7fc62ae17cd0, L_0x7fc62ae19310, C4<0>, C4<0>;
L_0x7fc62ae0fce0 .functor XOR 1, L_0x7fc62ae1a8f0, L_0x7fc62ae0fc20, C4<0>, C4<0>;
L_0x7fc62ae0fdf0 .functor AND 1, L_0x7fc62ae17cd0, L_0x7fc62ae19310, C4<1>, C4<1>;
L_0x7fc62ae0ff00 .functor AND 1, L_0x7fc62ae0fc20, L_0x7fc62ae1a8f0, C4<1>, C4<1>;
L_0x7fc62ae0ffd0 .functor OR 1, L_0x7fc62ae0ff00, L_0x7fc62ae0fdf0, C4<0>, C4<0>;
v0x7fc62ad61170_0 .net "a", 0 0, L_0x7fc62ae17cd0;  1 drivers
v0x7fc62ad61210_0 .net "b", 0 0, L_0x7fc62ae19310;  1 drivers
v0x7fc62ad612b0_0 .net "cin", 0 0, L_0x7fc62ae1a8f0;  1 drivers
v0x7fc62ad61360_0 .net "cout", 0 0, L_0x7fc62ae0ffd0;  1 drivers
v0x7fc62ad61400_0 .net "outL", 0 0, L_0x7fc62ae0fdf0;  1 drivers
v0x7fc62ad614e0_0 .net "outR", 0 0, L_0x7fc62ae0ff00;  1 drivers
v0x7fc62ad61580_0 .net "tmp", 0 0, L_0x7fc62ae0fc20;  1 drivers
v0x7fc62ad61620_0 .net "z", 0 0, L_0x7fc62ae0fce0;  1 drivers
S_0x7fc62ad61740 .scope module, "mine[12]" "yAdder1" 3 8, 4 1 0, S_0x7fc62ad02550;
 .timescale 0 0;
    .port_info 0 /OUTPUT 1 "z"
    .port_info 1 /OUTPUT 1 "cout"
    .port_info 2 /INPUT 1 "a"
    .port_info 3 /INPUT 1 "b"
    .port_info 4 /INPUT 1 "cin"
L_0x7fc62ae100e0 .functor XOR 1, L_0x7fc62ae17d70, L_0x7fc62ae193b0, C4<0>, C4<0>;
L_0x7fc62ae101a0 .functor XOR 1, L_0x7fc62ae1a990, L_0x7fc62ae100e0, C4<0>, C4<0>;
L_0x7fc62ae102b0 .functor AND 1, L_0x7fc62ae17d70, L_0x7fc62ae193b0, C4<1>, C4<1>;
L_0x7fc62ae103c0 .functor AND 1, L_0x7fc62ae100e0, L_0x7fc62ae1a990, C4<1>, C4<1>;
L_0x7fc62ae10490 .functor OR 1, L_0x7fc62ae103c0, L_0x7fc62ae102b0, C4<0>, C4<0>;
v0x7fc62ad61970_0 .net "a", 0 0, L_0x7fc62ae17d70;  1 drivers
v0x7fc62ad61a10_0 .net "b", 0 0, L_0x7fc62ae193b0;  1 drivers
v0x7fc62ad61ab0_0 .net "cin", 0 0, L_0x7fc62ae1a990;  1 drivers
v0x7fc62ad61b60_0 .net "cout", 0 0, L_0x7fc62ae10490;  1 drivers
v0x7fc62ad61c00_0 .net "outL", 0 0, L_0x7fc62ae102b0;  1 drivers
v0x7fc62ad61ce0_0 .net "outR", 0 0, L_0x7fc62ae103c0;  1 drivers
v0x7fc62ad61d80_0 .net "tmp", 0 0, L_0x7fc62ae100e0;  1 drivers
v0x7fc62ad61e20_0 .net "z", 0 0, L_0x7fc62ae101a0;  1 drivers
S_0x7fc62ad61f40 .scope module, "mine[13]" "yAdder1" 3 8, 4 1 0, S_0x7fc62ad02550;
 .timescale 0 0;
    .port_info 0 /OUTPUT 1 "z"
    .port_info 1 /OUTPUT 1 "cout"
    .port_info 2 /INPUT 1 "a"
    .port_info 3 /INPUT 1 "b"
    .port_info 4 /INPUT 1 "cin"
L_0x7fc62ae105a0 .functor XOR 1, L_0x7fc62ae17e90, L_0x7fc62ae19730, C4<0>, C4<0>;
L_0x7fc62ae10660 .functor XOR 1, L_0x7fc62ae1aa30, L_0x7fc62ae105a0, C4<0>, C4<0>;
L_0x7fc62ae10770 .functor AND 1, L_0x7fc62ae17e90, L_0x7fc62ae19730, C4<1>, C4<1>;
L_0x7fc62ae10880 .functor AND 1, L_0x7fc62ae105a0, L_0x7fc62ae1aa30, C4<1>, C4<1>;
L_0x7fc62ae10950 .functor OR 1, L_0x7fc62ae10880, L_0x7fc62ae10770, C4<0>, C4<0>;
v0x7fc62ad62170_0 .net "a", 0 0, L_0x7fc62ae17e90;  1 drivers
v0x7fc62ad62210_0 .net "b", 0 0, L_0x7fc62ae19730;  1 drivers
v0x7fc62ad622b0_0 .net "cin", 0 0, L_0x7fc62ae1aa30;  1 drivers
v0x7fc62ad62360_0 .net "cout", 0 0, L_0x7fc62ae10950;  1 drivers
v0x7fc62ad62400_0 .net "outL", 0 0, L_0x7fc62ae10770;  1 drivers
v0x7fc62ad624e0_0 .net "outR", 0 0, L_0x7fc62ae10880;  1 drivers
v0x7fc62ad62580_0 .net "tmp", 0 0, L_0x7fc62ae105a0;  1 drivers
v0x7fc62ad62620_0 .net "z", 0 0, L_0x7fc62ae10660;  1 drivers
S_0x7fc62ad62740 .scope module, "mine[14]" "yAdder1" 3 8, 4 1 0, S_0x7fc62ad02550;
 .timescale 0 0;
    .port_info 0 /OUTPUT 1 "z"
    .port_info 1 /OUTPUT 1 "cout"
    .port_info 2 /INPUT 1 "a"
    .port_info 3 /INPUT 1 "b"
    .port_info 4 /INPUT 1 "cin"
L_0x7fc62ae10a60 .functor XOR 1, L_0x7fc62ae17f30, L_0x7fc62ae197d0, C4<0>, C4<0>;
L_0x7fc62ae10b20 .functor XOR 1, L_0x7fc62ae1af10, L_0x7fc62ae10a60, C4<0>, C4<0>;
L_0x7fc62ae10c30 .functor AND 1, L_0x7fc62ae17f30, L_0x7fc62ae197d0, C4<1>, C4<1>;
L_0x7fc62ae10d40 .functor AND 1, L_0x7fc62ae10a60, L_0x7fc62ae1af10, C4<1>, C4<1>;
L_0x7fc62ae10e10 .functor OR 1, L_0x7fc62ae10d40, L_0x7fc62ae10c30, C4<0>, C4<0>;
v0x7fc62ad62970_0 .net "a", 0 0, L_0x7fc62ae17f30;  1 drivers
v0x7fc62ad62a10_0 .net "b", 0 0, L_0x7fc62ae197d0;  1 drivers
v0x7fc62ad62ab0_0 .net "cin", 0 0, L_0x7fc62ae1af10;  1 drivers
v0x7fc62ad62b60_0 .net "cout", 0 0, L_0x7fc62ae10e10;  1 drivers
v0x7fc62ad62c00_0 .net "outL", 0 0, L_0x7fc62ae10c30;  1 drivers
v0x7fc62ad62ce0_0 .net "outR", 0 0, L_0x7fc62ae10d40;  1 drivers
v0x7fc62ad62d80_0 .net "tmp", 0 0, L_0x7fc62ae10a60;  1 drivers
v0x7fc62ad62e20_0 .net "z", 0 0, L_0x7fc62ae10b20;  1 drivers
S_0x7fc62ad62f40 .scope module, "mine[15]" "yAdder1" 3 8, 4 1 0, S_0x7fc62ad02550;
 .timescale 0 0;
    .port_info 0 /OUTPUT 1 "z"
    .port_info 1 /OUTPUT 1 "cout"
    .port_info 2 /INPUT 1 "a"
    .port_info 3 /INPUT 1 "b"
    .port_info 4 /INPUT 1 "cin"
L_0x7fc62ae10f20 .functor XOR 1, L_0x7fc62ae17960, L_0x7fc62ae19210, C4<0>, C4<0>;
L_0x7fc62ae10fe0 .functor XOR 1, L_0x7fc62ae1ac90, L_0x7fc62ae10f20, C4<0>, C4<0>;
L_0x7fc62ae110f0 .functor AND 1, L_0x7fc62ae17960, L_0x7fc62ae19210, C4<1>, C4<1>;
L_0x7fc62ae11200 .functor AND 1, L_0x7fc62ae10f20, L_0x7fc62ae1ac90, C4<1>, C4<1>;
L_0x7fc62ae112d0 .functor OR 1, L_0x7fc62ae11200, L_0x7fc62ae110f0, C4<0>, C4<0>;
v0x7fc62ad63170_0 .net "a", 0 0, L_0x7fc62ae17960;  1 drivers
v0x7fc62ad63210_0 .net "b", 0 0, L_0x7fc62ae19210;  1 drivers
v0x7fc62ad632b0_0 .net "cin", 0 0, L_0x7fc62ae1ac90;  1 drivers
v0x7fc62ad63360_0 .net "cout", 0 0, L_0x7fc62ae112d0;  1 drivers
v0x7fc62ad63400_0 .net "outL", 0 0, L_0x7fc62ae110f0;  1 drivers
v0x7fc62ad634e0_0 .net "outR", 0 0, L_0x7fc62ae11200;  1 drivers
v0x7fc62ad63580_0 .net "tmp", 0 0, L_0x7fc62ae10f20;  1 drivers
v0x7fc62ad63620_0 .net "z", 0 0, L_0x7fc62ae10fe0;  1 drivers
S_0x7fc62ad63740 .scope module, "mine[16]" "yAdder1" 3 8, 4 1 0, S_0x7fc62ad02550;
 .timescale 0 0;
    .port_info 0 /OUTPUT 1 "z"
    .port_info 1 /OUTPUT 1 "cout"
    .port_info 2 /INPUT 1 "a"
    .port_info 3 /INPUT 1 "b"
    .port_info 4 /INPUT 1 "cin"
L_0x7fc62ae113e0 .functor XOR 1, L_0x7fc62ae181d0, L_0x7fc62ae195b0, C4<0>, C4<0>;
L_0x7fc62ae114a0 .functor XOR 1, L_0x7fc62ae1a610, L_0x7fc62ae113e0, C4<0>, C4<0>;
L_0x7fc62ae115b0 .functor AND 1, L_0x7fc62ae181d0, L_0x7fc62ae195b0, C4<1>, C4<1>;
L_0x7fc62ae116c0 .functor AND 1, L_0x7fc62ae113e0, L_0x7fc62ae1a610, C4<1>, C4<1>;
L_0x7fc62ae11790 .functor OR 1, L_0x7fc62ae116c0, L_0x7fc62ae115b0, C4<0>, C4<0>;
v0x7fc62ad639f0_0 .net "a", 0 0, L_0x7fc62ae181d0;  1 drivers
v0x7fc62ad63a90_0 .net "b", 0 0, L_0x7fc62ae195b0;  1 drivers
v0x7fc62ad63b30_0 .net "cin", 0 0, L_0x7fc62ae1a610;  1 drivers
v0x7fc62ad63be0_0 .net "cout", 0 0, L_0x7fc62ae11790;  1 drivers
v0x7fc62ad63c80_0 .net "outL", 0 0, L_0x7fc62ae115b0;  1 drivers
v0x7fc62ad63d60_0 .net "outR", 0 0, L_0x7fc62ae116c0;  1 drivers
v0x7fc62ad63e00_0 .net "tmp", 0 0, L_0x7fc62ae113e0;  1 drivers
v0x7fc62ad63ea0_0 .net "z", 0 0, L_0x7fc62ae114a0;  1 drivers
S_0x7fc62ae00050 .scope module, "mine[17]" "yAdder1" 3 8, 4 1 0, S_0x7fc62ad02550;
 .timescale 0 0;
    .port_info 0 /OUTPUT 1 "z"
    .port_info 1 /OUTPUT 1 "cout"
    .port_info 2 /INPUT 1 "a"
    .port_info 3 /INPUT 1 "b"
    .port_info 4 /INPUT 1 "cin"
L_0x7fc62ae118a0 .functor XOR 1, L_0x7fc62ae18310, L_0x7fc62ae19650, C4<0>, C4<0>;
L_0x7fc62ae11950 .functor XOR 1, L_0x7fc62ae1ad30, L_0x7fc62ae118a0, C4<0>, C4<0>;
L_0x7fc62ae11a60 .functor AND 1, L_0x7fc62ae18310, L_0x7fc62ae19650, C4<1>, C4<1>;
L_0x7fc62ae11b70 .functor AND 1, L_0x7fc62ae118a0, L_0x7fc62ae1ad30, C4<1>, C4<1>;
L_0x7fc62ae11c20 .functor OR 1, L_0x7fc62ae11b70, L_0x7fc62ae11a60, C4<0>, C4<0>;
v0x7fc62ae002c0_0 .net "a", 0 0, L_0x7fc62ae18310;  1 drivers
v0x7fc62ae00370_0 .net "b", 0 0, L_0x7fc62ae19650;  1 drivers
v0x7fc62ae00410_0 .net "cin", 0 0, L_0x7fc62ae1ad30;  1 drivers
v0x7fc62ae004c0_0 .net "cout", 0 0, L_0x7fc62ae11c20;  1 drivers
v0x7fc62ae00560_0 .net "outL", 0 0, L_0x7fc62ae11a60;  1 drivers
v0x7fc62ae00640_0 .net "outR", 0 0, L_0x7fc62ae11b70;  1 drivers
v0x7fc62ae006e0_0 .net "tmp", 0 0, L_0x7fc62ae118a0;  1 drivers
v0x7fc62ae00780_0 .net "z", 0 0, L_0x7fc62ae11950;  1 drivers
S_0x7fc62ae008a0 .scope module, "mine[18]" "yAdder1" 3 8, 4 1 0, S_0x7fc62ad02550;
 .timescale 0 0;
    .port_info 0 /OUTPUT 1 "z"
    .port_info 1 /OUTPUT 1 "cout"
    .port_info 2 /INPUT 1 "a"
    .port_info 3 /INPUT 1 "b"
    .port_info 4 /INPUT 1 "cin"
L_0x7fc62ae11d60 .functor XOR 1, L_0x7fc62ae183b0, L_0x7fc62ae19c10, C4<0>, C4<0>;
L_0x7fc62ae11df0 .functor XOR 1, L_0x7fc62ae1add0, L_0x7fc62ae11d60, C4<0>, C4<0>;
L_0x7fc62ae11f00 .functor AND 1, L_0x7fc62ae183b0, L_0x7fc62ae19c10, C4<1>, C4<1>;
L_0x7fc62ae12010 .functor AND 1, L_0x7fc62ae11d60, L_0x7fc62ae1add0, C4<1>, C4<1>;
L_0x7fc62ae120e0 .functor OR 1, L_0x7fc62ae12010, L_0x7fc62ae11f00, C4<0>, C4<0>;
v0x7fc62ae00ad0_0 .net "a", 0 0, L_0x7fc62ae183b0;  1 drivers
v0x7fc62ae00b70_0 .net "b", 0 0, L_0x7fc62ae19c10;  1 drivers
v0x7fc62ae00c10_0 .net "cin", 0 0, L_0x7fc62ae1add0;  1 drivers
v0x7fc62ae00cc0_0 .net "cout", 0 0, L_0x7fc62ae120e0;  1 drivers
v0x7fc62ae00d60_0 .net "outL", 0 0, L_0x7fc62ae11f00;  1 drivers
v0x7fc62ae00e40_0 .net "outR", 0 0, L_0x7fc62ae12010;  1 drivers
v0x7fc62ae00ee0_0 .net "tmp", 0 0, L_0x7fc62ae11d60;  1 drivers
v0x7fc62ae00f80_0 .net "z", 0 0, L_0x7fc62ae11df0;  1 drivers
S_0x7fc62ae010a0 .scope module, "mine[19]" "yAdder1" 3 8, 4 1 0, S_0x7fc62ad02550;
 .timescale 0 0;
    .port_info 0 /OUTPUT 1 "z"
    .port_info 1 /OUTPUT 1 "cout"
    .port_info 2 /INPUT 1 "a"
    .port_info 3 /INPUT 1 "b"
    .port_info 4 /INPUT 1 "cin"
L_0x7fc62ae12220 .functor XOR 1, L_0x7fc62ae18270, L_0x7fc62ae19a70, C4<0>, C4<0>;
L_0x7fc62ae122b0 .functor XOR 1, L_0x7fc62ae1ae70, L_0x7fc62ae12220, C4<0>, C4<0>;
L_0x7fc62ae123c0 .functor AND 1, L_0x7fc62ae18270, L_0x7fc62ae19a70, C4<1>, C4<1>;
L_0x7fc62ae124d0 .functor AND 1, L_0x7fc62ae12220, L_0x7fc62ae1ae70, C4<1>, C4<1>;
L_0x7fc62ae125a0 .functor OR 1, L_0x7fc62ae124d0, L_0x7fc62ae123c0, C4<0>, C4<0>;
v0x7fc62ae012d0_0 .net "a", 0 0, L_0x7fc62ae18270;  1 drivers
v0x7fc62ae01370_0 .net "b", 0 0, L_0x7fc62ae19a70;  1 drivers
v0x7fc62ae01410_0 .net "cin", 0 0, L_0x7fc62ae1ae70;  1 drivers
v0x7fc62ae014c0_0 .net "cout", 0 0, L_0x7fc62ae125a0;  1 drivers
v0x7fc62ae01560_0 .net "outL", 0 0, L_0x7fc62ae123c0;  1 drivers
v0x7fc62ae01640_0 .net "outR", 0 0, L_0x7fc62ae124d0;  1 drivers
v0x7fc62ae016e0_0 .net "tmp", 0 0, L_0x7fc62ae12220;  1 drivers
v0x7fc62ae01780_0 .net "z", 0 0, L_0x7fc62ae122b0;  1 drivers
S_0x7fc62ae018a0 .scope module, "mine[20]" "yAdder1" 3 8, 4 1 0, S_0x7fc62ad02550;
 .timescale 0 0;
    .port_info 0 /OUTPUT 1 "z"
    .port_info 1 /OUTPUT 1 "cout"
    .port_info 2 /INPUT 1 "a"
    .port_info 3 /INPUT 1 "b"
    .port_info 4 /INPUT 1 "cin"
L_0x7fc62ae126e0 .functor XOR 1, L_0x7fc62ae18500, L_0x7fc62ae19b10, C4<0>, C4<0>;
L_0x7fc62ae12770 .functor XOR 1, L_0x7fc62ae1afb0, L_0x7fc62ae126e0, C4<0>, C4<0>;
L_0x7fc62ae12880 .functor AND 1, L_0x7fc62ae18500, L_0x7fc62ae19b10, C4<1>, C4<1>;
L_0x7fc62ae12990 .functor AND 1, L_0x7fc62ae126e0, L_0x7fc62ae1afb0, C4<1>, C4<1>;
L_0x7fc62ae12a60 .functor OR 1, L_0x7fc62ae12990, L_0x7fc62ae12880, C4<0>, C4<0>;
v0x7fc62ae01ad0_0 .net "a", 0 0, L_0x7fc62ae18500;  1 drivers
v0x7fc62ae01b70_0 .net "b", 0 0, L_0x7fc62ae19b10;  1 drivers
v0x7fc62ae01c10_0 .net "cin", 0 0, L_0x7fc62ae1afb0;  1 drivers
v0x7fc62ae01cc0_0 .net "cout", 0 0, L_0x7fc62ae12a60;  1 drivers
v0x7fc62ae01d60_0 .net "outL", 0 0, L_0x7fc62ae12880;  1 drivers
v0x7fc62ae01e40_0 .net "outR", 0 0, L_0x7fc62ae12990;  1 drivers
v0x7fc62ae01ee0_0 .net "tmp", 0 0, L_0x7fc62ae126e0;  1 drivers
v0x7fc62ae01f80_0 .net "z", 0 0, L_0x7fc62ae12770;  1 drivers
S_0x7fc62ae020a0 .scope module, "mine[21]" "yAdder1" 3 8, 4 1 0, S_0x7fc62ad02550;
 .timescale 0 0;
    .port_info 0 /OUTPUT 1 "z"
    .port_info 1 /OUTPUT 1 "cout"
    .port_info 2 /INPUT 1 "a"
    .port_info 3 /INPUT 1 "b"
    .port_info 4 /INPUT 1 "cin"
L_0x7fc62ae12ba0 .functor XOR 1, L_0x7fc62ae18660, L_0x7fc62ae19e70, C4<0>, C4<0>;
L_0x7fc62ae12c30 .functor XOR 1, L_0x7fc62ae1b050, L_0x7fc62ae12ba0, C4<0>, C4<0>;
L_0x7fc62ae12d40 .functor AND 1, L_0x7fc62ae18660, L_0x7fc62ae19e70, C4<1>, C4<1>;
L_0x7fc62ae12e50 .functor AND 1, L_0x7fc62ae12ba0, L_0x7fc62ae1b050, C4<1>, C4<1>;
L_0x7fc62ae12f20 .functor OR 1, L_0x7fc62ae12e50, L_0x7fc62ae12d40, C4<0>, C4<0>;
v0x7fc62ae022d0_0 .net "a", 0 0, L_0x7fc62ae18660;  1 drivers
v0x7fc62ae02370_0 .net "b", 0 0, L_0x7fc62ae19e70;  1 drivers
v0x7fc62ae02410_0 .net "cin", 0 0, L_0x7fc62ae1b050;  1 drivers
v0x7fc62ae024c0_0 .net "cout", 0 0, L_0x7fc62ae12f20;  1 drivers
v0x7fc62ae02560_0 .net "outL", 0 0, L_0x7fc62ae12d40;  1 drivers
v0x7fc62ae02640_0 .net "outR", 0 0, L_0x7fc62ae12e50;  1 drivers
v0x7fc62ae026e0_0 .net "tmp", 0 0, L_0x7fc62ae12ba0;  1 drivers
v0x7fc62ae02780_0 .net "z", 0 0, L_0x7fc62ae12c30;  1 drivers
S_0x7fc62ae028a0 .scope module, "mine[22]" "yAdder1" 3 8, 4 1 0, S_0x7fc62ad02550;
 .timescale 0 0;
    .port_info 0 /OUTPUT 1 "z"
    .port_info 1 /OUTPUT 1 "cout"
    .port_info 2 /INPUT 1 "a"
    .port_info 3 /INPUT 1 "b"
    .port_info 4 /INPUT 1 "cin"
L_0x7fc62ae13060 .functor XOR 1, L_0x7fc62ae18700, L_0x7fc62ae19f10, C4<0>, C4<0>;
L_0x7fc62ae130f0 .functor XOR 1, L_0x7fc62ae1b0f0, L_0x7fc62ae13060, C4<0>, C4<0>;
L_0x7fc62ae13200 .functor AND 1, L_0x7fc62ae18700, L_0x7fc62ae19f10, C4<1>, C4<1>;
L_0x7fc62ae13310 .functor AND 1, L_0x7fc62ae13060, L_0x7fc62ae1b0f0, C4<1>, C4<1>;
L_0x7fc62ae133e0 .functor OR 1, L_0x7fc62ae13310, L_0x7fc62ae13200, C4<0>, C4<0>;
v0x7fc62ae02ad0_0 .net "a", 0 0, L_0x7fc62ae18700;  1 drivers
v0x7fc62ae02b70_0 .net "b", 0 0, L_0x7fc62ae19f10;  1 drivers
v0x7fc62ae02c10_0 .net "cin", 0 0, L_0x7fc62ae1b0f0;  1 drivers
v0x7fc62ae02cc0_0 .net "cout", 0 0, L_0x7fc62ae133e0;  1 drivers
v0x7fc62ae02d60_0 .net "outL", 0 0, L_0x7fc62ae13200;  1 drivers
v0x7fc62ae02e40_0 .net "outR", 0 0, L_0x7fc62ae13310;  1 drivers
v0x7fc62ae02ee0_0 .net "tmp", 0 0, L_0x7fc62ae13060;  1 drivers
v0x7fc62ae02f80_0 .net "z", 0 0, L_0x7fc62ae130f0;  1 drivers
S_0x7fc62ae030a0 .scope module, "mine[23]" "yAdder1" 3 8, 4 1 0, S_0x7fc62ad02550;
 .timescale 0 0;
    .port_info 0 /OUTPUT 1 "z"
    .port_info 1 /OUTPUT 1 "cout"
    .port_info 2 /INPUT 1 "a"
    .port_info 3 /INPUT 1 "b"
    .port_info 4 /INPUT 1 "cin"
L_0x7fc62ae13520 .functor XOR 1, L_0x7fc62ae18450, L_0x7fc62ae19cb0, C4<0>, C4<0>;
L_0x7fc62ae135b0 .functor XOR 1, L_0x7fc62ae1b190, L_0x7fc62ae13520, C4<0>, C4<0>;
L_0x7fc62ae136c0 .functor AND 1, L_0x7fc62ae18450, L_0x7fc62ae19cb0, C4<1>, C4<1>;
L_0x7fc62ae137d0 .functor AND 1, L_0x7fc62ae13520, L_0x7fc62ae1b190, C4<1>, C4<1>;
L_0x7fc62ae138a0 .functor OR 1, L_0x7fc62ae137d0, L_0x7fc62ae136c0, C4<0>, C4<0>;
v0x7fc62ae032d0_0 .net "a", 0 0, L_0x7fc62ae18450;  1 drivers
v0x7fc62ae03370_0 .net "b", 0 0, L_0x7fc62ae19cb0;  1 drivers
v0x7fc62ae03410_0 .net "cin", 0 0, L_0x7fc62ae1b190;  1 drivers
v0x7fc62ae034c0_0 .net "cout", 0 0, L_0x7fc62ae138a0;  1 drivers
v0x7fc62ae03560_0 .net "outL", 0 0, L_0x7fc62ae136c0;  1 drivers
v0x7fc62ae03640_0 .net "outR", 0 0, L_0x7fc62ae137d0;  1 drivers
v0x7fc62ae036e0_0 .net "tmp", 0 0, L_0x7fc62ae13520;  1 drivers
v0x7fc62ae03780_0 .net "z", 0 0, L_0x7fc62ae135b0;  1 drivers
S_0x7fc62ae038a0 .scope module, "mine[24]" "yAdder1" 3 8, 4 1 0, S_0x7fc62ad02550;
 .timescale 0 0;
    .port_info 0 /OUTPUT 1 "z"
    .port_info 1 /OUTPUT 1 "cout"
    .port_info 2 /INPUT 1 "a"
    .port_info 3 /INPUT 1 "b"
    .port_info 4 /INPUT 1 "cin"
L_0x7fc62ae139e0 .functor XOR 1, L_0x7fc62ae18870, L_0x7fc62ae19d50, C4<0>, C4<0>;
L_0x7fc62ae13a70 .functor XOR 1, L_0x7fc62ae1b710, L_0x7fc62ae139e0, C4<0>, C4<0>;
L_0x7fc62ae13b80 .functor AND 1, L_0x7fc62ae18870, L_0x7fc62ae19d50, C4<1>, C4<1>;
L_0x7fc62ae13c90 .functor AND 1, L_0x7fc62ae139e0, L_0x7fc62ae1b710, C4<1>, C4<1>;
L_0x7fc62ae13d60 .functor OR 1, L_0x7fc62ae13c90, L_0x7fc62ae13b80, C4<0>, C4<0>;
v0x7fc62ae03ad0_0 .net "a", 0 0, L_0x7fc62ae18870;  1 drivers
v0x7fc62ae03b70_0 .net "b", 0 0, L_0x7fc62ae19d50;  1 drivers
v0x7fc62ae03c10_0 .net "cin", 0 0, L_0x7fc62ae1b710;  1 drivers
v0x7fc62ae03cc0_0 .net "cout", 0 0, L_0x7fc62ae13d60;  1 drivers
v0x7fc62ae03d60_0 .net "outL", 0 0, L_0x7fc62ae13b80;  1 drivers
v0x7fc62ae03e40_0 .net "outR", 0 0, L_0x7fc62ae13c90;  1 drivers
v0x7fc62ae03ee0_0 .net "tmp", 0 0, L_0x7fc62ae139e0;  1 drivers
v0x7fc62ae03f80_0 .net "z", 0 0, L_0x7fc62ae13a70;  1 drivers
S_0x7fc62ae040a0 .scope module, "mine[25]" "yAdder1" 3 8, 4 1 0, S_0x7fc62ad02550;
 .timescale 0 0;
    .port_info 0 /OUTPUT 1 "z"
    .port_info 1 /OUTPUT 1 "cout"
    .port_info 2 /INPUT 1 "a"
    .port_info 3 /INPUT 1 "b"
    .port_info 4 /INPUT 1 "cin"
L_0x7fc62ae13ea0 .functor XOR 1, L_0x7fc62ae185a0, L_0x7fc62ae1a190, C4<0>, C4<0>;
L_0x7fc62ae13f30 .functor XOR 1, L_0x7fc62ae1b440, L_0x7fc62ae13ea0, C4<0>, C4<0>;
L_0x7fc62ae14040 .functor AND 1, L_0x7fc62ae185a0, L_0x7fc62ae1a190, C4<1>, C4<1>;
L_0x7fc62ae14150 .functor AND 1, L_0x7fc62ae13ea0, L_0x7fc62ae1b440, C4<1>, C4<1>;
L_0x7fc62ae14220 .functor OR 1, L_0x7fc62ae14150, L_0x7fc62ae14040, C4<0>, C4<0>;
v0x7fc62ae042d0_0 .net "a", 0 0, L_0x7fc62ae185a0;  1 drivers
v0x7fc62ae04370_0 .net "b", 0 0, L_0x7fc62ae1a190;  1 drivers
v0x7fc62ae04410_0 .net "cin", 0 0, L_0x7fc62ae1b440;  1 drivers
v0x7fc62ae044c0_0 .net "cout", 0 0, L_0x7fc62ae14220;  1 drivers
v0x7fc62ae04560_0 .net "outL", 0 0, L_0x7fc62ae14040;  1 drivers
v0x7fc62ae04640_0 .net "outR", 0 0, L_0x7fc62ae14150;  1 drivers
v0x7fc62ae046e0_0 .net "tmp", 0 0, L_0x7fc62ae13ea0;  1 drivers
v0x7fc62ae04780_0 .net "z", 0 0, L_0x7fc62ae13f30;  1 drivers
S_0x7fc62ae048a0 .scope module, "mine[26]" "yAdder1" 3 8, 4 1 0, S_0x7fc62ad02550;
 .timescale 0 0;
    .port_info 0 /OUTPUT 1 "z"
    .port_info 1 /OUTPUT 1 "cout"
    .port_info 2 /INPUT 1 "a"
    .port_info 3 /INPUT 1 "b"
    .port_info 4 /INPUT 1 "cin"
L_0x7fc62ae14360 .functor XOR 1, L_0x7fc62ae189f0, L_0x7fc62ae1a230, C4<0>, C4<0>;
L_0x7fc62ae143f0 .functor XOR 1, L_0x7fc62ae1b4e0, L_0x7fc62ae14360, C4<0>, C4<0>;
L_0x7fc62ae14500 .functor AND 1, L_0x7fc62ae189f0, L_0x7fc62ae1a230, C4<1>, C4<1>;
L_0x7fc62ae14610 .functor AND 1, L_0x7fc62ae14360, L_0x7fc62ae1b4e0, C4<1>, C4<1>;
L_0x7fc62ae146e0 .functor OR 1, L_0x7fc62ae14610, L_0x7fc62ae14500, C4<0>, C4<0>;
v0x7fc62ae04ad0_0 .net "a", 0 0, L_0x7fc62ae189f0;  1 drivers
v0x7fc62ae04b70_0 .net "b", 0 0, L_0x7fc62ae1a230;  1 drivers
v0x7fc62ae04c10_0 .net "cin", 0 0, L_0x7fc62ae1b4e0;  1 drivers
v0x7fc62ae04cc0_0 .net "cout", 0 0, L_0x7fc62ae146e0;  1 drivers
v0x7fc62ae04d60_0 .net "outL", 0 0, L_0x7fc62ae14500;  1 drivers
v0x7fc62ae04e40_0 .net "outR", 0 0, L_0x7fc62ae14610;  1 drivers
v0x7fc62ae04ee0_0 .net "tmp", 0 0, L_0x7fc62ae14360;  1 drivers
v0x7fc62ae04f80_0 .net "z", 0 0, L_0x7fc62ae143f0;  1 drivers
S_0x7fc62ae050a0 .scope module, "mine[27]" "yAdder1" 3 8, 4 1 0, S_0x7fc62ad02550;
 .timescale 0 0;
    .port_info 0 /OUTPUT 1 "z"
    .port_info 1 /OUTPUT 1 "cout"
    .port_info 2 /INPUT 1 "a"
    .port_info 3 /INPUT 1 "b"
    .port_info 4 /INPUT 1 "cin"
L_0x7fc62ae14820 .functor XOR 1, L_0x7fc62ae187a0, L_0x7fc62ae19fb0, C4<0>, C4<0>;
L_0x7fc62ae148b0 .functor XOR 1, L_0x7fc62ae1b580, L_0x7fc62ae14820, C4<0>, C4<0>;
L_0x7fc62ae149c0 .functor AND 1, L_0x7fc62ae187a0, L_0x7fc62ae19fb0, C4<1>, C4<1>;
L_0x7fc62ae14ad0 .functor AND 1, L_0x7fc62ae14820, L_0x7fc62ae1b580, C4<1>, C4<1>;
L_0x7fc62ae14ba0 .functor OR 1, L_0x7fc62ae14ad0, L_0x7fc62ae149c0, C4<0>, C4<0>;
v0x7fc62ae052d0_0 .net "a", 0 0, L_0x7fc62ae187a0;  1 drivers
v0x7fc62ae05370_0 .net "b", 0 0, L_0x7fc62ae19fb0;  1 drivers
v0x7fc62ae05410_0 .net "cin", 0 0, L_0x7fc62ae1b580;  1 drivers
v0x7fc62ae054c0_0 .net "cout", 0 0, L_0x7fc62ae14ba0;  1 drivers
v0x7fc62ae05560_0 .net "outL", 0 0, L_0x7fc62ae149c0;  1 drivers
v0x7fc62ae05640_0 .net "outR", 0 0, L_0x7fc62ae14ad0;  1 drivers
v0x7fc62ae056e0_0 .net "tmp", 0 0, L_0x7fc62ae14820;  1 drivers
v0x7fc62ae05780_0 .net "z", 0 0, L_0x7fc62ae148b0;  1 drivers
S_0x7fc62ae058a0 .scope module, "mine[28]" "yAdder1" 3 8, 4 1 0, S_0x7fc62ad02550;
 .timescale 0 0;
    .port_info 0 /OUTPUT 1 "z"
    .port_info 1 /OUTPUT 1 "cout"
    .port_info 2 /INPUT 1 "a"
    .port_info 3 /INPUT 1 "b"
    .port_info 4 /INPUT 1 "cin"
L_0x7fc62ae14ce0 .functor XOR 1, L_0x7fc62ae18b80, L_0x7fc62ae1a050, C4<0>, C4<0>;
L_0x7fc62ae14d70 .functor XOR 1, L_0x7fc62ae1b620, L_0x7fc62ae14ce0, C4<0>, C4<0>;
L_0x7fc62ae14e80 .functor AND 1, L_0x7fc62ae18b80, L_0x7fc62ae1a050, C4<1>, C4<1>;
L_0x7fc62ae14f90 .functor AND 1, L_0x7fc62ae14ce0, L_0x7fc62ae1b620, C4<1>, C4<1>;
L_0x7fc62ae15060 .functor OR 1, L_0x7fc62ae14f90, L_0x7fc62ae14e80, C4<0>, C4<0>;
v0x7fc62ae05ad0_0 .net "a", 0 0, L_0x7fc62ae18b80;  1 drivers
v0x7fc62ae05b70_0 .net "b", 0 0, L_0x7fc62ae1a050;  1 drivers
v0x7fc62ae05c10_0 .net "cin", 0 0, L_0x7fc62ae1b620;  1 drivers
v0x7fc62ae05cc0_0 .net "cout", 0 0, L_0x7fc62ae15060;  1 drivers
v0x7fc62ae05d60_0 .net "outL", 0 0, L_0x7fc62ae14e80;  1 drivers
v0x7fc62ae05e40_0 .net "outR", 0 0, L_0x7fc62ae14f90;  1 drivers
v0x7fc62ae05ee0_0 .net "tmp", 0 0, L_0x7fc62ae14ce0;  1 drivers
v0x7fc62ae05f80_0 .net "z", 0 0, L_0x7fc62ae14d70;  1 drivers
S_0x7fc62ae060a0 .scope module, "mine[29]" "yAdder1" 3 8, 4 1 0, S_0x7fc62ad02550;
 .timescale 0 0;
    .port_info 0 /OUTPUT 1 "z"
    .port_info 1 /OUTPUT 1 "cout"
    .port_info 2 /INPUT 1 "a"
    .port_info 3 /INPUT 1 "b"
    .port_info 4 /INPUT 1 "cin"
L_0x7fc62ae151a0 .functor XOR 1, L_0x7fc62ae18910, L_0x7fc62ae1a0f0, C4<0>, C4<0>;
L_0x7fc62ae15230 .functor XOR 1, L_0x7fc62ae1bab0, L_0x7fc62ae151a0, C4<0>, C4<0>;
L_0x7fc62ae15340 .functor AND 1, L_0x7fc62ae18910, L_0x7fc62ae1a0f0, C4<1>, C4<1>;
L_0x7fc62ae15450 .functor AND 1, L_0x7fc62ae151a0, L_0x7fc62ae1bab0, C4<1>, C4<1>;
L_0x7fc62ae15520 .functor OR 1, L_0x7fc62ae15450, L_0x7fc62ae15340, C4<0>, C4<0>;
v0x7fc62ae062d0_0 .net "a", 0 0, L_0x7fc62ae18910;  1 drivers
v0x7fc62ae06370_0 .net "b", 0 0, L_0x7fc62ae1a0f0;  1 drivers
v0x7fc62ae06410_0 .net "cin", 0 0, L_0x7fc62ae1bab0;  1 drivers
v0x7fc62ae064c0_0 .net "cout", 0 0, L_0x7fc62ae15520;  1 drivers
v0x7fc62ae06560_0 .net "outL", 0 0, L_0x7fc62ae15340;  1 drivers
v0x7fc62ae06640_0 .net "outR", 0 0, L_0x7fc62ae15450;  1 drivers
v0x7fc62ae066e0_0 .net "tmp", 0 0, L_0x7fc62ae151a0;  1 drivers
v0x7fc62ae06780_0 .net "z", 0 0, L_0x7fc62ae15230;  1 drivers
S_0x7fc62ae068a0 .scope module, "mine[30]" "yAdder1" 3 8, 4 1 0, S_0x7fc62ad02550;
 .timescale 0 0;
    .port_info 0 /OUTPUT 1 "z"
    .port_info 1 /OUTPUT 1 "cout"
    .port_info 2 /INPUT 1 "a"
    .port_info 3 /INPUT 1 "b"
    .port_info 4 /INPUT 1 "cin"
L_0x7fc62ae15660 .functor XOR 1, L_0x7fc62ae18d20, L_0x7fc62ae1a4d0, C4<0>, C4<0>;
L_0x7fc62ae156f0 .functor XOR 1, L_0x7fc62ae1bb50, L_0x7fc62ae15660, C4<0>, C4<0>;
L_0x7fc62ae15800 .functor AND 1, L_0x7fc62ae18d20, L_0x7fc62ae1a4d0, C4<1>, C4<1>;
L_0x7fc62ae15910 .functor AND 1, L_0x7fc62ae15660, L_0x7fc62ae1bb50, C4<1>, C4<1>;
L_0x7fc62ae159e0 .functor OR 1, L_0x7fc62ae15910, L_0x7fc62ae15800, C4<0>, C4<0>;
v0x7fc62ae06ad0_0 .net "a", 0 0, L_0x7fc62ae18d20;  1 drivers
v0x7fc62ae06b70_0 .net "b", 0 0, L_0x7fc62ae1a4d0;  1 drivers
v0x7fc62ae06c10_0 .net "cin", 0 0, L_0x7fc62ae1bb50;  1 drivers
v0x7fc62ae06cc0_0 .net "cout", 0 0, L_0x7fc62ae159e0;  1 drivers
v0x7fc62ae06d60_0 .net "outL", 0 0, L_0x7fc62ae15800;  1 drivers
v0x7fc62ae06e40_0 .net "outR", 0 0, L_0x7fc62ae15910;  1 drivers
v0x7fc62ae06ee0_0 .net "tmp", 0 0, L_0x7fc62ae15660;  1 drivers
v0x7fc62ae06f80_0 .net "z", 0 0, L_0x7fc62ae156f0;  1 drivers
S_0x7fc62ae070a0 .scope module, "mine[31]" "yAdder1" 3 8, 4 1 0, S_0x7fc62ad02550;
 .timescale 0 0;
    .port_info 0 /OUTPUT 1 "z"
    .port_info 1 /OUTPUT 1 "cout"
    .port_info 2 /INPUT 1 "a"
    .port_info 3 /INPUT 1 "b"
    .port_info 4 /INPUT 1 "cin"
L_0x7fc62ae15b20 .functor XOR 1, L_0x7fc62ae180e0, L_0x7fc62ae1a2d0, C4<0>, C4<0>;
L_0x7fc62ae15bb0 .functor XOR 1, L_0x7fc62ae1b7b0, L_0x7fc62ae15b20, C4<0>, C4<0>;
L_0x7fc62ae15cc0 .functor AND 1, L_0x7fc62ae180e0, L_0x7fc62ae1a2d0, C4<1>, C4<1>;
L_0x7fc62ae15dd0 .functor AND 1, L_0x7fc62ae15b20, L_0x7fc62ae1b7b0, C4<1>, C4<1>;
L_0x7fc62ae15ea0 .functor OR 1, L_0x7fc62ae15dd0, L_0x7fc62ae15cc0, C4<0>, C4<0>;
v0x7fc62ae072d0_0 .net "a", 0 0, L_0x7fc62ae180e0;  1 drivers
v0x7fc62ae07370_0 .net "b", 0 0, L_0x7fc62ae1a2d0;  1 drivers
v0x7fc62ae07410_0 .net "cin", 0 0, L_0x7fc62ae1b7b0;  1 drivers
v0x7fc62ae074c0_0 .net "cout", 0 0, L_0x7fc62ae15ea0;  1 drivers
v0x7fc62ae07560_0 .net "outL", 0 0, L_0x7fc62ae15cc0;  1 drivers
v0x7fc62ae07640_0 .net "outR", 0 0, L_0x7fc62ae15dd0;  1 drivers
v0x7fc62ae076e0_0 .net "tmp", 0 0, L_0x7fc62ae15b20;  1 drivers
v0x7fc62ae07780_0 .net "z", 0 0, L_0x7fc62ae15bb0;  1 drivers
S_0x7fc62ad03910 .scope module, "yMux4to1" "yMux4to1" 5 1;
 .timescale 0 0;
    .port_info 0 /OUTPUT 2 "z"
    .port_info 1 /INPUT 2 "a0"
    .port_info 2 /INPUT 2 "a1"
    .port_info 3 /INPUT 2 "a2"
    .port_info 4 /INPUT 2 "a3"
    .port_info 5 /INPUT 2 "c"
P_0x7fc62ad04170 .param/l "SIZE" 0 5 3, +C4<00000000000000000000000000000010>;
o0x101f13f48 .functor BUFZ 2, C4<zz>; HiZ drive
v0x7fc62ae0c150_0 .net "a0", 1 0, o0x101f13f48;  0 drivers
o0x101f13f78 .functor BUFZ 2, C4<zz>; HiZ drive
v0x7fc62ae0c200_0 .net "a1", 1 0, o0x101f13f78;  0 drivers
o0x101f13a38 .functor BUFZ 2, C4<zz>; HiZ drive
v0x7fc62ae0c2b0_0 .net "a2", 1 0, o0x101f13a38;  0 drivers
o0x101f13a68 .functor BUFZ 2, C4<zz>; HiZ drive
v0x7fc62ae0c380_0 .net "a3", 1 0, o0x101f13a68;  0 drivers
o0x101f14068 .functor BUFZ 2, C4<zz>; HiZ drive
v0x7fc62ae0c430_0 .net "c", 1 0, o0x101f14068;  0 drivers
v0x7fc62ae0c500_0 .net "z", 1 0, L_0x7fc62ae1d1e0;  1 drivers
v0x7fc62ae0c5a0_0 .net "zHi", 1 0, L_0x7fc62ae1c670;  1 drivers
v0x7fc62ae0c670_0 .net "zLo", 1 0, L_0x7fc62ae1b850;  1 drivers
L_0x7fc62ae1c090 .part o0x101f14068, 0, 1;
L_0x7fc62ae1cbc0 .part o0x101f14068, 0, 1;
L_0x7fc62ae1d740 .part o0x101f14068, 1, 1;
S_0x7fc62ae08470 .scope module, "final" "yMux" 5 10, 6 1 0, S_0x7fc62ad03910;
 .timescale 0 0;
    .port_info 0 /OUTPUT 2 "z"
    .port_info 1 /INPUT 2 "a"
    .port_info 2 /INPUT 2 "b"
    .port_info 3 /INPUT 1 "c"
P_0x7fc62ae08620 .param/l "SIZE" 0 6 3, +C4<00000000000000000000000000000010>;
v0x7fc62ae095a0_0 .net "a", 1 0, L_0x7fc62ae1b850;  alias, 1 drivers
v0x7fc62ae09660_0 .net "b", 1 0, L_0x7fc62ae1c670;  alias, 1 drivers
v0x7fc62ae09700_0 .net "c", 0 0, L_0x7fc62ae1d740;  1 drivers
v0x7fc62ae097f0_0 .net "z", 1 0, L_0x7fc62ae1d1e0;  alias, 1 drivers
L_0x7fc62ae1d1e0 .concat [ 1 1 0 0], L_0x7fc62ae1ceb0, L_0x7fc62ae1d0f0;
L_0x7fc62ae1d340 .part L_0x7fc62ae1b850, 0, 1;
L_0x7fc62ae1d4a0 .part L_0x7fc62ae1b850, 1, 1;
L_0x7fc62ae1d540 .part L_0x7fc62ae1c670, 0, 1;
L_0x7fc62ae1d6a0 .part L_0x7fc62ae1c670, 1, 1;
S_0x7fc62ae087c0 .scope module, "mine[0]" "yMux1" 6 8, 7 1 0, S_0x7fc62ae08470;
 .timescale 0 0;
    .port_info 0 /OUTPUT 1 "z"
    .port_info 1 /INPUT 1 "a"
    .port_info 2 /INPUT 1 "b"
    .port_info 3 /INPUT 1 "c"
L_0x7fc62ae1cca0 .functor NOT 1, L_0x7fc62ae1d740, C4<0>, C4<0>, C4<0>;
L_0x7fc62ae1cd10 .functor AND 1, L_0x7fc62ae1d340, L_0x7fc62ae1cca0, C4<1>, C4<1>;
L_0x7fc62ae1cdc0 .functor AND 1, L_0x7fc62ae1d740, L_0x7fc62ae1d540, C4<1>, C4<1>;
L_0x7fc62ae1ceb0 .functor OR 1, L_0x7fc62ae1cd10, L_0x7fc62ae1cdc0, C4<0>, C4<0>;
v0x7fc62ae08a00_0 .net "a", 0 0, L_0x7fc62ae1d340;  1 drivers
v0x7fc62ae08ab0_0 .net "b", 0 0, L_0x7fc62ae1d540;  1 drivers
v0x7fc62ae08b50_0 .net "c", 0 0, L_0x7fc62ae1d740;  alias, 1 drivers
v0x7fc62ae08be0_0 .net "lower", 0 0, L_0x7fc62ae1cdc0;  1 drivers
v0x7fc62ae08c70_0 .net "notC", 0 0, L_0x7fc62ae1cca0;  1 drivers
v0x7fc62ae08d00_0 .net "upper", 0 0, L_0x7fc62ae1cd10;  1 drivers
v0x7fc62ae08da0_0 .net "z", 0 0, L_0x7fc62ae1ceb0;  1 drivers
S_0x7fc62ae08e80 .scope module, "mine[1]" "yMux1" 6 8, 7 1 0, S_0x7fc62ae08470;
 .timescale 0 0;
    .port_info 0 /OUTPUT 1 "z"
    .port_info 1 /INPUT 1 "a"
    .port_info 2 /INPUT 1 "b"
    .port_info 3 /INPUT 1 "c"
L_0x7fc62ae1cf60 .functor NOT 1, L_0x7fc62ae1d740, C4<0>, C4<0>, C4<0>;
L_0x7fc62ae1cfd0 .functor AND 1, L_0x7fc62ae1d4a0, L_0x7fc62ae1cf60, C4<1>, C4<1>;
L_0x7fc62ae1d080 .functor AND 1, L_0x7fc62ae1d740, L_0x7fc62ae1d6a0, C4<1>, C4<1>;
L_0x7fc62ae1d0f0 .functor OR 1, L_0x7fc62ae1cfd0, L_0x7fc62ae1d080, C4<0>, C4<0>;
v0x7fc62ae090b0_0 .net "a", 0 0, L_0x7fc62ae1d4a0;  1 drivers
v0x7fc62ae09150_0 .net "b", 0 0, L_0x7fc62ae1d6a0;  1 drivers
v0x7fc62ae091f0_0 .net "c", 0 0, L_0x7fc62ae1d740;  alias, 1 drivers
v0x7fc62ae092c0_0 .net "lower", 0 0, L_0x7fc62ae1d080;  1 drivers
v0x7fc62ae09350_0 .net "notC", 0 0, L_0x7fc62ae1cf60;  1 drivers
v0x7fc62ae09420_0 .net "upper", 0 0, L_0x7fc62ae1cfd0;  1 drivers
v0x7fc62ae094c0_0 .net "z", 0 0, L_0x7fc62ae1d0f0;  1 drivers
S_0x7fc62ae098c0 .scope module, "hi" "yMux" 5 9, 6 1 0, S_0x7fc62ad03910;
 .timescale 0 0;
    .port_info 0 /OUTPUT 2 "z"
    .port_info 1 /INPUT 2 "a"
    .port_info 2 /INPUT 2 "b"
    .port_info 3 /INPUT 1 "c"
P_0x7fc62ae09a80 .param/l "SIZE" 0 6 3, +C4<00000000000000000000000000000010>;
v0x7fc62ae0a9e0_0 .net "a", 1 0, o0x101f13a38;  alias, 0 drivers
v0x7fc62ae0aaa0_0 .net "b", 1 0, o0x101f13a68;  alias, 0 drivers
v0x7fc62ae0ab40_0 .net "c", 0 0, L_0x7fc62ae1cbc0;  1 drivers
v0x7fc62ae0ac30_0 .net "z", 1 0, L_0x7fc62ae1c670;  alias, 1 drivers
L_0x7fc62ae1c670 .concat [ 1 1 0 0], L_0x7fc62ae1c340, L_0x7fc62ae1c580;
L_0x7fc62ae1c790 .part o0x101f13a38, 0, 1;
L_0x7fc62ae1c8b0 .part o0x101f13a38, 1, 1;
L_0x7fc62ae1c990 .part o0x101f13a68, 0, 1;
L_0x7fc62ae1cab0 .part o0x101f13a68, 1, 1;
S_0x7fc62ae09c00 .scope module, "mine[0]" "yMux1" 6 8, 7 1 0, S_0x7fc62ae098c0;
 .timescale 0 0;
    .port_info 0 /OUTPUT 1 "z"
    .port_info 1 /INPUT 1 "a"
    .port_info 2 /INPUT 1 "b"
    .port_info 3 /INPUT 1 "c"
L_0x7fc62ae1c130 .functor NOT 1, L_0x7fc62ae1cbc0, C4<0>, C4<0>, C4<0>;
L_0x7fc62ae1c1a0 .functor AND 1, L_0x7fc62ae1c790, L_0x7fc62ae1c130, C4<1>, C4<1>;
L_0x7fc62ae1c250 .functor AND 1, L_0x7fc62ae1cbc0, L_0x7fc62ae1c990, C4<1>, C4<1>;
L_0x7fc62ae1c340 .functor OR 1, L_0x7fc62ae1c1a0, L_0x7fc62ae1c250, C4<0>, C4<0>;
v0x7fc62ae09e40_0 .net "a", 0 0, L_0x7fc62ae1c790;  1 drivers
v0x7fc62ae09ef0_0 .net "b", 0 0, L_0x7fc62ae1c990;  1 drivers
v0x7fc62ae09f90_0 .net "c", 0 0, L_0x7fc62ae1cbc0;  alias, 1 drivers
v0x7fc62ae0a020_0 .net "lower", 0 0, L_0x7fc62ae1c250;  1 drivers
v0x7fc62ae0a0b0_0 .net "notC", 0 0, L_0x7fc62ae1c130;  1 drivers
v0x7fc62ae0a140_0 .net "upper", 0 0, L_0x7fc62ae1c1a0;  1 drivers
v0x7fc62ae0a1e0_0 .net "z", 0 0, L_0x7fc62ae1c340;  1 drivers
S_0x7fc62ae0a2c0 .scope module, "mine[1]" "yMux1" 6 8, 7 1 0, S_0x7fc62ae098c0;
 .timescale 0 0;
    .port_info 0 /OUTPUT 1 "z"
    .port_info 1 /INPUT 1 "a"
    .port_info 2 /INPUT 1 "b"
    .port_info 3 /INPUT 1 "c"
L_0x7fc62ae1c3f0 .functor NOT 1, L_0x7fc62ae1cbc0, C4<0>, C4<0>, C4<0>;
L_0x7fc62ae1c460 .functor AND 1, L_0x7fc62ae1c8b0, L_0x7fc62ae1c3f0, C4<1>, C4<1>;
L_0x7fc62ae1c510 .functor AND 1, L_0x7fc62ae1cbc0, L_0x7fc62ae1cab0, C4<1>, C4<1>;
L_0x7fc62ae1c580 .functor OR 1, L_0x7fc62ae1c460, L_0x7fc62ae1c510, C4<0>, C4<0>;
v0x7fc62ae0a4f0_0 .net "a", 0 0, L_0x7fc62ae1c8b0;  1 drivers
v0x7fc62ae0a590_0 .net "b", 0 0, L_0x7fc62ae1cab0;  1 drivers
v0x7fc62ae0a630_0 .net "c", 0 0, L_0x7fc62ae1cbc0;  alias, 1 drivers
v0x7fc62ae0a700_0 .net "lower", 0 0, L_0x7fc62ae1c510;  1 drivers
v0x7fc62ae0a790_0 .net "notC", 0 0, L_0x7fc62ae1c3f0;  1 drivers
v0x7fc62ae0a860_0 .net "upper", 0 0, L_0x7fc62ae1c460;  1 drivers
v0x7fc62ae0a900_0 .net "z", 0 0, L_0x7fc62ae1c580;  1 drivers
S_0x7fc62ae0ad00 .scope module, "lo" "yMux" 5 8, 6 1 0, S_0x7fc62ad03910;
 .timescale 0 0;
    .port_info 0 /OUTPUT 2 "z"
    .port_info 1 /INPUT 2 "a"
    .port_info 2 /INPUT 2 "b"
    .port_info 3 /INPUT 1 "c"
P_0x7fc62ae0aeb0 .param/l "SIZE" 0 6 3, +C4<00000000000000000000000000000010>;
v0x7fc62ae0be30_0 .net "a", 1 0, o0x101f13f48;  alias, 0 drivers
v0x7fc62ae0bef0_0 .net "b", 1 0, o0x101f13f78;  alias, 0 drivers
v0x7fc62ae0bf90_0 .net "c", 0 0, L_0x7fc62ae1c090;  1 drivers
v0x7fc62ae0c080_0 .net "z", 1 0, L_0x7fc62ae1b850;  alias, 1 drivers
L_0x7fc62ae1b850 .concat [ 1 1 0 0], L_0x7fc62ae18e60, L_0x7fc62ae1b3b0;
L_0x7fc62ae1b8f0 .part o0x101f13f48, 0, 1;
L_0x7fc62ae1b990 .part o0x101f13f48, 1, 1;
L_0x7fc62ae1bf10 .part o0x101f13f78, 0, 1;
L_0x7fc62ae1bfb0 .part o0x101f13f78, 1, 1;
S_0x7fc62ae0b050 .scope module, "mine[0]" "yMux1" 6 8, 7 1 0, S_0x7fc62ae0ad00;
 .timescale 0 0;
    .port_info 0 /OUTPUT 1 "z"
    .port_info 1 /INPUT 1 "a"
    .port_info 2 /INPUT 1 "b"
    .port_info 3 /INPUT 1 "c"
L_0x7fc62ae17c60 .functor NOT 1, L_0x7fc62ae1c090, C4<0>, C4<0>, C4<0>;
L_0x7fc62ae17e10 .functor AND 1, L_0x7fc62ae1b8f0, L_0x7fc62ae17c60, C4<1>, C4<1>;
L_0x7fc62ae1aad0 .functor AND 1, L_0x7fc62ae1c090, L_0x7fc62ae1bf10, C4<1>, C4<1>;
L_0x7fc62ae18e60 .functor OR 1, L_0x7fc62ae17e10, L_0x7fc62ae1aad0, C4<0>, C4<0>;
v0x7fc62ae0b290_0 .net "a", 0 0, L_0x7fc62ae1b8f0;  1 drivers
v0x7fc62ae0b340_0 .net "b", 0 0, L_0x7fc62ae1bf10;  1 drivers
v0x7fc62ae0b3e0_0 .net "c", 0 0, L_0x7fc62ae1c090;  alias, 1 drivers
v0x7fc62ae0b470_0 .net "lower", 0 0, L_0x7fc62ae1aad0;  1 drivers
v0x7fc62ae0b500_0 .net "notC", 0 0, L_0x7fc62ae17c60;  1 drivers
v0x7fc62ae0b590_0 .net "upper", 0 0, L_0x7fc62ae17e10;  1 drivers
v0x7fc62ae0b630_0 .net "z", 0 0, L_0x7fc62ae18e60;  1 drivers
S_0x7fc62ae0b710 .scope module, "mine[1]" "yMux1" 6 8, 7 1 0, S_0x7fc62ae0ad00;
 .timescale 0 0;
    .port_info 0 /OUTPUT 1 "z"
    .port_info 1 /INPUT 1 "a"
    .port_info 2 /INPUT 1 "b"
    .port_info 3 /INPUT 1 "c"
L_0x7fc62ae178d0 .functor NOT 1, L_0x7fc62ae1c090, C4<0>, C4<0>, C4<0>;
L_0x7fc62ae1b2d0 .functor AND 1, L_0x7fc62ae1b990, L_0x7fc62ae178d0, C4<1>, C4<1>;
L_0x7fc62ae1b340 .functor AND 1, L_0x7fc62ae1c090, L_0x7fc62ae1bfb0, C4<1>, C4<1>;
L_0x7fc62ae1b3b0 .functor OR 1, L_0x7fc62ae1b2d0, L_0x7fc62ae1b340, C4<0>, C4<0>;
v0x7fc62ae0b940_0 .net "a", 0 0, L_0x7fc62ae1b990;  1 drivers
v0x7fc62ae0b9e0_0 .net "b", 0 0, L_0x7fc62ae1bfb0;  1 drivers
v0x7fc62ae0ba80_0 .net "c", 0 0, L_0x7fc62ae1c090;  alias, 1 drivers
v0x7fc62ae0bb50_0 .net "lower", 0 0, L_0x7fc62ae1b340;  1 drivers
v0x7fc62ae0bbe0_0 .net "notC", 0 0, L_0x7fc62ae178d0;  1 drivers
v0x7fc62ae0bcb0_0 .net "upper", 0 0, L_0x7fc62ae1b2d0;  1 drivers
v0x7fc62ae0bd50_0 .net "z", 0 0, L_0x7fc62ae1b3b0;  1 drivers
    .scope S_0x7fc62ad04d70;
T_0 ;
    %pushi/vec4 3, 0, 32;
T_0.0 %dup/vec4;
    %pushi/vec4 0, 0, 32;
    %cmp/s;
    %jmp/1xz T_0.1, 5;
    %jmp/1 T_0.1, 4;
    %pushi/vec4 1, 0, 32;
    %sub;
    %vpi_func 2 16 "$random" 32 {0 0 0};
    %store/vec4 v0x7fc62ae08050_0, 0, 32;
    %vpi_func 2 17 "$random" 32 {0 0 0};
    %store/vec4 v0x7fc62ae08120_0, 0, 32;
    %pushi/vec4 0, 0, 1;
    %store/vec4 v0x7fc62ae081b0_0, 0, 1;
    %load/vec4 v0x7fc62ae08050_0;
    %load/vec4 v0x7fc62ae08120_0;
    %add;
    %load/vec4 v0x7fc62ae081b0_0;
    %pad/u 32;
    %add;
    %store/vec4 v0x7fc62ae08310_0, 0, 32;
    %delay 1, 0;
    %load/vec4 v0x7fc62ae08310_0;
    %load/vec4 v0x7fc62ae083e0_0;
    %cmp/e;
    %jmp/0xz  T_0.2, 6;
    %vpi_call 2 24 "$display", "PASS: a=%b \012      b=%b \012      cin=%b \012      z=%b \012 expect=%b", v0x7fc62ae08050_0, v0x7fc62ae08120_0, v0x7fc62ae081b0_0, v0x7fc62ae083e0_0, v0x7fc62ae08310_0 {0 0 0};
    %jmp T_0.3;
T_0.2 ;
    %vpi_call 2 26 "$display", "FAIL: a=%b \012      b=%b \012      cin=%b \012      z=%b \012 expect=%b", v0x7fc62ae08050_0, v0x7fc62ae08120_0, v0x7fc62ae081b0_0, v0x7fc62ae083e0_0, v0x7fc62ae08310_0 {0 0 0};
T_0.3 ;
    %jmp T_0.0;
T_0.1 ;
    %pop/vec4 1;
    %vpi_call 2 30 "$finish" {0 0 0};
    %end;
    .thread T_0;
# The file index is used to find the file name in the following table.
:file_names 8;
    "N/A";
    "<interactive>";
    "LabL7.v";
    "yAdder.v";
    "yAdder1.v";
    "yMux4to1.v";
    "yMux.v";
    "yMux1.v";
